Determining if the function connect exists in the socket failed with the following output:
Change Dir: /home/rojong/MustGo_raspi/curl-8.5.0/CMakeFiles/CMakeTmp

Run Build Command(s):/usr/bin/gmake -f Makefile cmTC_a0d9a/fast && /usr/bin/gmake  -f CMakeFiles/cmTC_a0d9a.dir/build.make CMakeFiles/cmTC_a0d9a.dir/build
gmake[1]: Entering directory '/home/rojong/MustGo_raspi/curl-8.5.0/CMakeFiles/CMakeTmp'
Building C object CMakeFiles/cmTC_a0d9a.dir/CheckFunctionExists.c.o
/usr/bin/cc   -W -Wall -pedantic -Wbad-function-cast -Wconversion -Winline -Wmissing-declarations -Wmissing-prototypes -Wnested-externs -Wno-long-long -Wno-multichar -Wpointer-arith -Wshadow -Wsign-compare -Wundef -Wunused -Wwrite-strings -Waddress -Wattributes -Wcast-align -Wdeclaration-after-statement -Wdiv-by-zero -Wempty-body -Wendif-labels -Wfloat-equal -Wformat-security -Wignored-qualifiers -Wmissing-field-initializers -Wmissing-noreturn -Wno-format-nonliteral -Wno-sign-conversion -Wno-system-headers -Wredundant-decls -Wold-style-definition -Wstrict-prototypes -Wtype-limits -Wunreachable-code -Wunused-parameter -Wvla -Wclobbered -Wmissing-parameter-type -Wold-style-declaration -Wstrict-aliasing=3 -Wformat=2 -Warray-bounds=2 -ftree-vrp -Wduplicated-cond -Wnull-dereference -fdelete-null-pointer-checks -Wshift-negative-value -Wshift-overflow=2 -Walloc-zero -Wduplicated-branches -Wformat-overflow=2 -Wformat-truncation=2 -Wrestrict -Warith-conversion -Wdouble-promotion -Wenum-conversion -Wpragmas -Wunused-const-variable -DCHECK_FUNCTION_EXISTS=connect -o CMakeFiles/cmTC_a0d9a.dir/CheckFunctionExists.c.o -c /usr/share/cmake-3.22/Modules/CheckFunctionExists.c
Linking C executable cmTC_a0d9a
/usr/bin/cmake -E cmake_link_script CMakeFiles/cmTC_a0d9a.dir/link.txt --verbose=1
/usr/bin/cc   -W -Wall -pedantic -Wbad-function-cast -Wconversion -Winline -Wmissing-declarations -Wmissing-prototypes -Wnested-externs -Wno-long-long -Wno-multichar -Wpointer-arith -Wshadow -Wsign-compare -Wundef -Wunused -Wwrite-strings -Waddress -Wattributes -Wcast-align -Wdeclaration-after-statement -Wdiv-by-zero -Wempty-body -Wendif-labels -Wfloat-equal -Wformat-security -Wignored-qualifiers -Wmissing-field-initializers -Wmissing-noreturn -Wno-format-nonliteral -Wno-sign-conversion -Wno-system-headers -Wredundant-decls -Wold-style-definition -Wstrict-prototypes -Wtype-limits -Wunreachable-code -Wunused-parameter -Wvla -Wclobbered -Wmissing-parameter-type -Wold-style-declaration -Wstrict-aliasing=3 -Wformat=2 -Warray-bounds=2 -ftree-vrp -Wduplicated-cond -Wnull-dereference -fdelete-null-pointer-checks -Wshift-negative-value -Wshift-overflow=2 -Walloc-zero -Wduplicated-branches -Wformat-overflow=2 -Wformat-truncation=2 -Wrestrict -Warith-conversion -Wdouble-promotion -Wenum-conversion -Wpragmas -Wunused-const-variable -DCHECK_FUNCTION_EXISTS=connect CMakeFiles/cmTC_a0d9a.dir/CheckFunctionExists.c.o -o cmTC_a0d9a  -lsocket 
/usr/bin/ld: cannot find -lsocket: No such file or directory
collect2: error: ld returned 1 exit status
gmake[1]: *** [CMakeFiles/cmTC_a0d9a.dir/build.make:99: cmTC_a0d9a] Error 1
gmake[1]: Leaving directory '/home/rojong/MustGo_raspi/curl-8.5.0/CMakeFiles/CMakeTmp'
gmake: *** [Makefile:127: cmTC_a0d9a/fast] Error 2



Determining if the OPENSSL_IS_BORINGSSL exist failed with the following output:
Change Dir: /home/rojong/MustGo_raspi/curl-8.5.0/CMakeFiles/CMakeTmp

Run Build Command(s):/usr/bin/gmake -f Makefile cmTC_266de/fast && /usr/bin/gmake  -f CMakeFiles/cmTC_266de.dir/build.make CMakeFiles/cmTC_266de.dir/build
gmake[1]: Entering directory '/home/rojong/MustGo_raspi/curl-8.5.0/CMakeFiles/CMakeTmp'
Building C object CMakeFiles/cmTC_266de.dir/CheckSymbolExists.c.o
/usr/bin/cc   -W -Wall -pedantic -Wbad-function-cast -Wconversion -Winline -Wmissing-declarations -Wmissing-prototypes -Wnested-externs -Wno-long-long -Wno-multichar -Wpointer-arith -Wshadow -Wsign-compare -Wundef -Wunused -Wwrite-strings -Waddress -Wattributes -Wcast-align -Wdeclaration-after-statement -Wdiv-by-zero -Wempty-body -Wendif-labels -Wfloat-equal -Wformat-security -Wignored-qualifiers -Wmissing-field-initializers -Wmissing-noreturn -Wno-format-nonliteral -Wno-sign-conversion -Wno-system-headers -Wredundant-decls -Wold-style-definition -Wstrict-prototypes -Wtype-limits -Wunreachable-code -Wunused-parameter -Wvla -Wclobbered -Wmissing-parameter-type -Wold-style-declaration -Wstrict-aliasing=3 -Wformat=2 -Warray-bounds=2 -ftree-vrp -Wduplicated-cond -Wnull-dereference -fdelete-null-pointer-checks -Wshift-negative-value -Wshift-overflow=2 -Walloc-zero -Wduplicated-branches -Wformat-overflow=2 -Wformat-truncation=2 -Wrestrict -Warith-conversion -Wdouble-promotion -Wenum-conversion -Wpragmas -Wunused-const-variable  -o CMakeFiles/cmTC_266de.dir/CheckSymbolExists.c.o -c /home/rojong/MustGo_raspi/curl-8.5.0/CMakeFiles/CMakeTmp/CheckSymbolExists.c
/home/rojong/MustGo_raspi/curl-8.5.0/CMakeFiles/CMakeTmp/CheckSymbolExists.c:2:10: fatal error: openssl/base.h: No such file or directory
    2 | #include <openssl/base.h>
      |          ^~~~~~~~~~~~~~~~
compilation terminated.
gmake[1]: *** [CMakeFiles/cmTC_266de.dir/build.make:78: CMakeFiles/cmTC_266de.dir/CheckSymbolExists.c.o] Error 1
gmake[1]: Leaving directory '/home/rojong/MustGo_raspi/curl-8.5.0/CMakeFiles/CMakeTmp'
gmake: *** [Makefile:127: cmTC_266de/fast] Error 2


File /home/rojong/MustGo_raspi/curl-8.5.0/CMakeFiles/CMakeTmp/CheckSymbolExists.c:
/* */
#include <openssl/base.h>

int main(int argc, char** argv)
{
  (void)argv;
#ifndef OPENSSL_IS_BORINGSSL
  return ((int*)(&OPENSSL_IS_BORINGSSL))[argc];
#else
  (void)argc;
  return 0;
#endif
}
Determining if the OPENSSL_IS_AWSLC exist failed with the following output:
Change Dir: /home/rojong/MustGo_raspi/curl-8.5.0/CMakeFiles/CMakeTmp

Run Build Command(s):/usr/bin/gmake -f Makefile cmTC_d4c9b/fast && /usr/bin/gmake  -f CMakeFiles/cmTC_d4c9b.dir/build.make CMakeFiles/cmTC_d4c9b.dir/build
gmake[1]: Entering directory '/home/rojong/MustGo_raspi/curl-8.5.0/CMakeFiles/CMakeTmp'
Building C object CMakeFiles/cmTC_d4c9b.dir/CheckSymbolExists.c.o
/usr/bin/cc   -W -Wall -pedantic -Wbad-function-cast -Wconversion -Winline -Wmissing-declarations -Wmissing-prototypes -Wnested-externs -Wno-long-long -Wno-multichar -Wpointer-arith -Wshadow -Wsign-compare -Wundef -Wunused -Wwrite-strings -Waddress -Wattributes -Wcast-align -Wdeclaration-after-statement -Wdiv-by-zero -Wempty-body -Wendif-labels -Wfloat-equal -Wformat-security -Wignored-qualifiers -Wmissing-field-initializers -Wmissing-noreturn -Wno-format-nonliteral -Wno-sign-conversion -Wno-system-headers -Wredundant-decls -Wold-style-definition -Wstrict-prototypes -Wtype-limits -Wunreachable-code -Wunused-parameter -Wvla -Wclobbered -Wmissing-parameter-type -Wold-style-declaration -Wstrict-aliasing=3 -Wformat=2 -Warray-bounds=2 -ftree-vrp -Wduplicated-cond -Wnull-dereference -fdelete-null-pointer-checks -Wshift-negative-value -Wshift-overflow=2 -Walloc-zero -Wduplicated-branches -Wformat-overflow=2 -Wformat-truncation=2 -Wrestrict -Warith-conversion -Wdouble-promotion -Wenum-conversion -Wpragmas -Wunused-const-variable  -o CMakeFiles/cmTC_d4c9b.dir/CheckSymbolExists.c.o -c /home/rojong/MustGo_raspi/curl-8.5.0/CMakeFiles/CMakeTmp/CheckSymbolExists.c
/home/rojong/MustGo_raspi/curl-8.5.0/CMakeFiles/CMakeTmp/CheckSymbolExists.c:2:10: fatal error: openssl/base.h: No such file or directory
    2 | #include <openssl/base.h>
      |          ^~~~~~~~~~~~~~~~
compilation terminated.
gmake[1]: *** [CMakeFiles/cmTC_d4c9b.dir/build.make:78: CMakeFiles/cmTC_d4c9b.dir/CheckSymbolExists.c.o] Error 1
gmake[1]: Leaving directory '/home/rojong/MustGo_raspi/curl-8.5.0/CMakeFiles/CMakeTmp'
gmake: *** [Makefile:127: cmTC_d4c9b/fast] Error 2


File /home/rojong/MustGo_raspi/curl-8.5.0/CMakeFiles/CMakeTmp/CheckSymbolExists.c:
/* */
#include <openssl/base.h>

int main(int argc, char** argv)
{
  (void)argv;
#ifndef OPENSSL_IS_AWSLC
  return ((int*)(&OPENSSL_IS_AWSLC))[argc];
#else
  (void)argc;
  return 0;
#endif
}
Determining if the function ldap_init exists in the ldap failed with the following output:
Change Dir: /home/rojong/MustGo_raspi/curl-8.5.0/CMakeFiles/CMakeTmp

Run Build Command(s):/usr/bin/gmake -f Makefile cmTC_3aeed/fast && /usr/bin/gmake  -f CMakeFiles/cmTC_3aeed.dir/build.make CMakeFiles/cmTC_3aeed.dir/build
gmake[1]: Entering directory '/home/rojong/MustGo_raspi/curl-8.5.0/CMakeFiles/CMakeTmp'
Building C object CMakeFiles/cmTC_3aeed.dir/CheckFunctionExists.c.o
/usr/bin/cc   -W -Wall -pedantic -Wbad-function-cast -Wconversion -Winline -Wmissing-declarations -Wmissing-prototypes -Wnested-externs -Wno-long-long -Wno-multichar -Wpointer-arith -Wshadow -Wsign-compare -Wundef -Wunused -Wwrite-strings -Waddress -Wattributes -Wcast-align -Wdeclaration-after-statement -Wdiv-by-zero -Wempty-body -Wendif-labels -Wfloat-equal -Wformat-security -Wignored-qualifiers -Wmissing-field-initializers -Wmissing-noreturn -Wno-format-nonliteral -Wno-sign-conversion -Wno-system-headers -Wredundant-decls -Wold-style-definition -Wstrict-prototypes -Wtype-limits -Wunreachable-code -Wunused-parameter -Wvla -Wclobbered -Wmissing-parameter-type -Wold-style-declaration -Wstrict-aliasing=3 -Wformat=2 -Warray-bounds=2 -ftree-vrp -Wduplicated-cond -Wnull-dereference -fdelete-null-pointer-checks -Wshift-negative-value -Wshift-overflow=2 -Walloc-zero -Wduplicated-branches -Wformat-overflow=2 -Wformat-truncation=2 -Wrestrict -Warith-conversion -Wdouble-promotion -Wenum-conversion -Wpragmas -Wunused-const-variable -DCHECK_FUNCTION_EXISTS=ldap_init -o CMakeFiles/cmTC_3aeed.dir/CheckFunctionExists.c.o -c /usr/share/cmake-3.22/Modules/CheckFunctionExists.c
Linking C executable cmTC_3aeed
/usr/bin/cmake -E cmake_link_script CMakeFiles/cmTC_3aeed.dir/link.txt --verbose=1
/usr/bin/cc   -W -Wall -pedantic -Wbad-function-cast -Wconversion -Winline -Wmissing-declarations -Wmissing-prototypes -Wnested-externs -Wno-long-long -Wno-multichar -Wpointer-arith -Wshadow -Wsign-compare -Wundef -Wunused -Wwrite-strings -Waddress -Wattributes -Wcast-align -Wdeclaration-after-statement -Wdiv-by-zero -Wempty-body -Wendif-labels -Wfloat-equal -Wformat-security -Wignored-qualifiers -Wmissing-field-initializers -Wmissing-noreturn -Wno-format-nonliteral -Wno-sign-conversion -Wno-system-headers -Wredundant-decls -Wold-style-definition -Wstrict-prototypes -Wtype-limits -Wunreachable-code -Wunused-parameter -Wvla -Wclobbered -Wmissing-parameter-type -Wold-style-declaration -Wstrict-aliasing=3 -Wformat=2 -Warray-bounds=2 -ftree-vrp -Wduplicated-cond -Wnull-dereference -fdelete-null-pointer-checks -Wshift-negative-value -Wshift-overflow=2 -Walloc-zero -Wduplicated-branches -Wformat-overflow=2 -Wformat-truncation=2 -Wrestrict -Warith-conversion -Wdouble-promotion -Wenum-conversion -Wpragmas -Wunused-const-variable -DCHECK_FUNCTION_EXISTS=ldap_init CMakeFiles/cmTC_3aeed.dir/CheckFunctionExists.c.o -o cmTC_3aeed  -lldap /usr/lib/x86_64-linux-gnu/libssl.so /usr/lib/x86_64-linux-gnu/libcrypto.so 
/usr/bin/ld: cannot find -lldap: No such file or directory
collect2: error: ld returned 1 exit status
gmake[1]: *** [CMakeFiles/cmTC_3aeed.dir/build.make:101: cmTC_3aeed] Error 1
gmake[1]: Leaving directory '/home/rojong/MustGo_raspi/curl-8.5.0/CMakeFiles/CMakeTmp'
gmake: *** [Makefile:127: cmTC_3aeed/fast] Error 2



Determining if the function ber_init exists in the lber failed with the following output:
Change Dir: /home/rojong/MustGo_raspi/curl-8.5.0/CMakeFiles/CMakeTmp

Run Build Command(s):/usr/bin/gmake -f Makefile cmTC_f70b9/fast && /usr/bin/gmake  -f CMakeFiles/cmTC_f70b9.dir/build.make CMakeFiles/cmTC_f70b9.dir/build
gmake[1]: Entering directory '/home/rojong/MustGo_raspi/curl-8.5.0/CMakeFiles/CMakeTmp'
Building C object CMakeFiles/cmTC_f70b9.dir/CheckFunctionExists.c.o
/usr/bin/cc   -W -Wall -pedantic -Wbad-function-cast -Wconversion -Winline -Wmissing-declarations -Wmissing-prototypes -Wnested-externs -Wno-long-long -Wno-multichar -Wpointer-arith -Wshadow -Wsign-compare -Wundef -Wunused -Wwrite-strings -Waddress -Wattributes -Wcast-align -Wdeclaration-after-statement -Wdiv-by-zero -Wempty-body -Wendif-labels -Wfloat-equal -Wformat-security -Wignored-qualifiers -Wmissing-field-initializers -Wmissing-noreturn -Wno-format-nonliteral -Wno-sign-conversion -Wno-system-headers -Wredundant-decls -Wold-style-definition -Wstrict-prototypes -Wtype-limits -Wunreachable-code -Wunused-parameter -Wvla -Wclobbered -Wmissing-parameter-type -Wold-style-declaration -Wstrict-aliasing=3 -Wformat=2 -Warray-bounds=2 -ftree-vrp -Wduplicated-cond -Wnull-dereference -fdelete-null-pointer-checks -Wshift-negative-value -Wshift-overflow=2 -Walloc-zero -Wduplicated-branches -Wformat-overflow=2 -Wformat-truncation=2 -Wrestrict -Warith-conversion -Wdouble-promotion -Wenum-conversion -Wpragmas -Wunused-const-variable -DCHECK_FUNCTION_EXISTS=ber_init -o CMakeFiles/cmTC_f70b9.dir/CheckFunctionExists.c.o -c /usr/share/cmake-3.22/Modules/CheckFunctionExists.c
Linking C executable cmTC_f70b9
/usr/bin/cmake -E cmake_link_script CMakeFiles/cmTC_f70b9.dir/link.txt --verbose=1
/usr/bin/cc   -W -Wall -pedantic -Wbad-function-cast -Wconversion -Winline -Wmissing-declarations -Wmissing-prototypes -Wnested-externs -Wno-long-long -Wno-multichar -Wpointer-arith -Wshadow -Wsign-compare -Wundef -Wunused -Wwrite-strings -Waddress -Wattributes -Wcast-align -Wdeclaration-after-statement -Wdiv-by-zero -Wempty-body -Wendif-labels -Wfloat-equal -Wformat-security -Wignored-qualifiers -Wmissing-field-initializers -Wmissing-noreturn -Wno-format-nonliteral -Wno-sign-conversion -Wno-system-headers -Wredundant-decls -Wold-style-definition -Wstrict-prototypes -Wtype-limits -Wunreachable-code -Wunused-parameter -Wvla -Wclobbered -Wmissing-parameter-type -Wold-style-declaration -Wstrict-aliasing=3 -Wformat=2 -Warray-bounds=2 -ftree-vrp -Wduplicated-cond -Wnull-dereference -fdelete-null-pointer-checks -Wshift-negative-value -Wshift-overflow=2 -Walloc-zero -Wduplicated-branches -Wformat-overflow=2 -Wformat-truncation=2 -Wrestrict -Warith-conversion -Wdouble-promotion -Wenum-conversion -Wpragmas -Wunused-const-variable -DCHECK_FUNCTION_EXISTS=ber_init CMakeFiles/cmTC_f70b9.dir/CheckFunctionExists.c.o -o cmTC_f70b9  -llber /usr/lib/x86_64-linux-gnu/libssl.so /usr/lib/x86_64-linux-gnu/libcrypto.so 
/usr/bin/ld: cannot find -llber: No such file or directory
collect2: error: ld returned 1 exit status
gmake[1]: *** [CMakeFiles/cmTC_f70b9.dir/build.make:101: cmTC_f70b9] Error 1
gmake[1]: Leaving directory '/home/rojong/MustGo_raspi/curl-8.5.0/CMakeFiles/CMakeTmp'
gmake: *** [Makefile:127: cmTC_f70b9/fast] Error 2



Determining if files ;ldap.h exist failed with the following output:
Change Dir: /home/rojong/MustGo_raspi/curl-8.5.0/CMakeFiles/CMakeTmp

Run Build Command(s):/usr/bin/gmake -f Makefile cmTC_c39ba/fast && /usr/bin/gmake  -f CMakeFiles/cmTC_c39ba.dir/build.make CMakeFiles/cmTC_c39ba.dir/build
gmake[1]: Entering directory '/home/rojong/MustGo_raspi/curl-8.5.0/CMakeFiles/CMakeTmp'
Building C object CMakeFiles/cmTC_c39ba.dir/HAVE_LDAP_H.c.o
/usr/bin/cc   -W -Wall -pedantic -Wbad-function-cast -Wconversion -Winline -Wmissing-declarations -Wmissing-prototypes -Wnested-externs -Wno-long-long -Wno-multichar -Wpointer-arith -Wshadow -Wsign-compare -Wundef -Wunused -Wwrite-strings -Waddress -Wattributes -Wcast-align -Wdeclaration-after-statement -Wdiv-by-zero -Wempty-body -Wendif-labels -Wfloat-equal -Wformat-security -Wignored-qualifiers -Wmissing-field-initializers -Wmissing-noreturn -Wno-format-nonliteral -Wno-sign-conversion -Wno-system-headers -Wredundant-decls -Wold-style-definition -Wstrict-prototypes -Wtype-limits -Wunreachable-code -Wunused-parameter -Wvla -Wclobbered -Wmissing-parameter-type -Wold-style-declaration -Wstrict-aliasing=3 -Wformat=2 -Warray-bounds=2 -ftree-vrp -Wduplicated-cond -Wnull-dereference -fdelete-null-pointer-checks -Wshift-negative-value -Wshift-overflow=2 -Walloc-zero -Wduplicated-branches -Wformat-overflow=2 -Wformat-truncation=2 -Wrestrict -Warith-conversion -Wdouble-promotion -Wenum-conversion -Wpragmas -Wunused-const-variable  -o CMakeFiles/cmTC_c39ba.dir/HAVE_LDAP_H.c.o -c /home/rojong/MustGo_raspi/curl-8.5.0/CMakeFiles/CheckIncludeFiles/HAVE_LDAP_H.c
/home/rojong/MustGo_raspi/curl-8.5.0/CMakeFiles/CheckIncludeFiles/HAVE_LDAP_H.c:2:10: fatal error: ldap.h: No such file or directory
    2 | #include <ldap.h>
      |          ^~~~~~~~
compilation terminated.
gmake[1]: *** [CMakeFiles/cmTC_c39ba.dir/build.make:78: CMakeFiles/cmTC_c39ba.dir/HAVE_LDAP_H.c.o] Error 1
gmake[1]: Leaving directory '/home/rojong/MustGo_raspi/curl-8.5.0/CMakeFiles/CMakeTmp'
gmake: *** [Makefile:127: cmTC_c39ba/fast] Error 2


Source:
/* */
#include <ldap.h>


int main(void){return 0;}

Determining if files ;lber.h exist failed with the following output:
Change Dir: /home/rojong/MustGo_raspi/curl-8.5.0/CMakeFiles/CMakeTmp

Run Build Command(s):/usr/bin/gmake -f Makefile cmTC_3affe/fast && /usr/bin/gmake  -f CMakeFiles/cmTC_3affe.dir/build.make CMakeFiles/cmTC_3affe.dir/build
gmake[1]: Entering directory '/home/rojong/MustGo_raspi/curl-8.5.0/CMakeFiles/CMakeTmp'
Building C object CMakeFiles/cmTC_3affe.dir/HAVE_LBER_H.c.o
/usr/bin/cc   -W -Wall -pedantic -Wbad-function-cast -Wconversion -Winline -Wmissing-declarations -Wmissing-prototypes -Wnested-externs -Wno-long-long -Wno-multichar -Wpointer-arith -Wshadow -Wsign-compare -Wundef -Wunused -Wwrite-strings -Waddress -Wattributes -Wcast-align -Wdeclaration-after-statement -Wdiv-by-zero -Wempty-body -Wendif-labels -Wfloat-equal -Wformat-security -Wignored-qualifiers -Wmissing-field-initializers -Wmissing-noreturn -Wno-format-nonliteral -Wno-sign-conversion -Wno-system-headers -Wredundant-decls -Wold-style-definition -Wstrict-prototypes -Wtype-limits -Wunreachable-code -Wunused-parameter -Wvla -Wclobbered -Wmissing-parameter-type -Wold-style-declaration -Wstrict-aliasing=3 -Wformat=2 -Warray-bounds=2 -ftree-vrp -Wduplicated-cond -Wnull-dereference -fdelete-null-pointer-checks -Wshift-negative-value -Wshift-overflow=2 -Walloc-zero -Wduplicated-branches -Wformat-overflow=2 -Wformat-truncation=2 -Wrestrict -Warith-conversion -Wdouble-promotion -Wenum-conversion -Wpragmas -Wunused-const-variable  -o CMakeFiles/cmTC_3affe.dir/HAVE_LBER_H.c.o -c /home/rojong/MustGo_raspi/curl-8.5.0/CMakeFiles/CheckIncludeFiles/HAVE_LBER_H.c
/home/rojong/MustGo_raspi/curl-8.5.0/CMakeFiles/CheckIncludeFiles/HAVE_LBER_H.c:2:10: fatal error: lber.h: No such file or directory
    2 | #include <lber.h>
      |          ^~~~~~~~
compilation terminated.
gmake[1]: *** [CMakeFiles/cmTC_3affe.dir/build.make:78: CMakeFiles/cmTC_3affe.dir/HAVE_LBER_H.c.o] Error 1
gmake[1]: Leaving directory '/home/rojong/MustGo_raspi/curl-8.5.0/CMakeFiles/CMakeTmp'
gmake: *** [Makefile:127: cmTC_3affe/fast] Error 2


Source:
/* */
#include <lber.h>


int main(void){return 0;}

Determining if the function idn2_lookup_ul exists in the idn2 failed with the following output:
Change Dir: /home/rojong/MustGo_raspi/curl-8.5.0/CMakeFiles/CMakeTmp

Run Build Command(s):/usr/bin/gmake -f Makefile cmTC_c8cb8/fast && /usr/bin/gmake  -f CMakeFiles/cmTC_c8cb8.dir/build.make CMakeFiles/cmTC_c8cb8.dir/build
gmake[1]: Entering directory '/home/rojong/MustGo_raspi/curl-8.5.0/CMakeFiles/CMakeTmp'
Building C object CMakeFiles/cmTC_c8cb8.dir/CheckFunctionExists.c.o
/usr/bin/cc   -W -Wall -pedantic -Wbad-function-cast -Wconversion -Winline -Wmissing-declarations -Wmissing-prototypes -Wnested-externs -Wno-long-long -Wno-multichar -Wpointer-arith -Wshadow -Wsign-compare -Wundef -Wunused -Wwrite-strings -Waddress -Wattributes -Wcast-align -Wdeclaration-after-statement -Wdiv-by-zero -Wempty-body -Wendif-labels -Wfloat-equal -Wformat-security -Wignored-qualifiers -Wmissing-field-initializers -Wmissing-noreturn -Wno-format-nonliteral -Wno-sign-conversion -Wno-system-headers -Wredundant-decls -Wold-style-definition -Wstrict-prototypes -Wtype-limits -Wunreachable-code -Wunused-parameter -Wvla -Wclobbered -Wmissing-parameter-type -Wold-style-declaration -Wstrict-aliasing=3 -Wformat=2 -Warray-bounds=2 -ftree-vrp -Wduplicated-cond -Wnull-dereference -fdelete-null-pointer-checks -Wshift-negative-value -Wshift-overflow=2 -Walloc-zero -Wduplicated-branches -Wformat-overflow=2 -Wformat-truncation=2 -Wrestrict -Warith-conversion -Wdouble-promotion -Wenum-conversion -Wpragmas -Wunused-const-variable -DCHECK_FUNCTION_EXISTS=idn2_lookup_ul -o CMakeFiles/cmTC_c8cb8.dir/CheckFunctionExists.c.o -c /usr/share/cmake-3.22/Modules/CheckFunctionExists.c
Linking C executable cmTC_c8cb8
/usr/bin/cmake -E cmake_link_script CMakeFiles/cmTC_c8cb8.dir/link.txt --verbose=1
/usr/bin/cc   -W -Wall -pedantic -Wbad-function-cast -Wconversion -Winline -Wmissing-declarations -Wmissing-prototypes -Wnested-externs -Wno-long-long -Wno-multichar -Wpointer-arith -Wshadow -Wsign-compare -Wundef -Wunused -Wwrite-strings -Waddress -Wattributes -Wcast-align -Wdeclaration-after-statement -Wdiv-by-zero -Wempty-body -Wendif-labels -Wfloat-equal -Wformat-security -Wignored-qualifiers -Wmissing-field-initializers -Wmissing-noreturn -Wno-format-nonliteral -Wno-sign-conversion -Wno-system-headers -Wredundant-decls -Wold-style-definition -Wstrict-prototypes -Wtype-limits -Wunreachable-code -Wunused-parameter -Wvla -Wclobbered -Wmissing-parameter-type -Wold-style-declaration -Wstrict-aliasing=3 -Wformat=2 -Warray-bounds=2 -ftree-vrp -Wduplicated-cond -Wnull-dereference -fdelete-null-pointer-checks -Wshift-negative-value -Wshift-overflow=2 -Walloc-zero -Wduplicated-branches -Wformat-overflow=2 -Wformat-truncation=2 -Wrestrict -Warith-conversion -Wdouble-promotion -Wenum-conversion -Wpragmas -Wunused-const-variable -DCHECK_FUNCTION_EXISTS=idn2_lookup_ul CMakeFiles/cmTC_c8cb8.dir/CheckFunctionExists.c.o -o cmTC_c8cb8  -lidn2 /usr/lib/x86_64-linux-gnu/libssl.so /usr/lib/x86_64-linux-gnu/libcrypto.so 
/usr/bin/ld: cannot find -lidn2: No such file or directory
collect2: error: ld returned 1 exit status
gmake[1]: *** [CMakeFiles/cmTC_c8cb8.dir/build.make:101: cmTC_c8cb8] Error 1
gmake[1]: Leaving directory '/home/rojong/MustGo_raspi/curl-8.5.0/CMakeFiles/CMakeTmp'
gmake: *** [Makefile:127: cmTC_c8cb8/fast] Error 2



Determining if files ;sys/filio.h exist failed with the following output:
Change Dir: /home/rojong/MustGo_raspi/curl-8.5.0/CMakeFiles/CMakeTmp

Run Build Command(s):/usr/bin/gmake -f Makefile cmTC_5686a/fast && /usr/bin/gmake  -f CMakeFiles/cmTC_5686a.dir/build.make CMakeFiles/cmTC_5686a.dir/build
gmake[1]: Entering directory '/home/rojong/MustGo_raspi/curl-8.5.0/CMakeFiles/CMakeTmp'
Building C object CMakeFiles/cmTC_5686a.dir/HAVE_SYS_FILIO_H.c.o
/usr/bin/cc   -W -Wall -pedantic -Wbad-function-cast -Wconversion -Winline -Wmissing-declarations -Wmissing-prototypes -Wnested-externs -Wno-long-long -Wno-multichar -Wpointer-arith -Wshadow -Wsign-compare -Wundef -Wunused -Wwrite-strings -Waddress -Wattributes -Wcast-align -Wdeclaration-after-statement -Wdiv-by-zero -Wempty-body -Wendif-labels -Wfloat-equal -Wformat-security -Wignored-qualifiers -Wmissing-field-initializers -Wmissing-noreturn -Wno-format-nonliteral -Wno-sign-conversion -Wno-system-headers -Wredundant-decls -Wold-style-definition -Wstrict-prototypes -Wtype-limits -Wunreachable-code -Wunused-parameter -Wvla -Wclobbered -Wmissing-parameter-type -Wold-style-declaration -Wstrict-aliasing=3 -Wformat=2 -Warray-bounds=2 -ftree-vrp -Wduplicated-cond -Wnull-dereference -fdelete-null-pointer-checks -Wshift-negative-value -Wshift-overflow=2 -Walloc-zero -Wduplicated-branches -Wformat-overflow=2 -Wformat-truncation=2 -Wrestrict -Warith-conversion -Wdouble-promotion -Wenum-conversion -Wpragmas -Wunused-const-variable  -o CMakeFiles/cmTC_5686a.dir/HAVE_SYS_FILIO_H.c.o -c /home/rojong/MustGo_raspi/curl-8.5.0/CMakeFiles/CheckIncludeFiles/HAVE_SYS_FILIO_H.c
/home/rojong/MustGo_raspi/curl-8.5.0/CMakeFiles/CheckIncludeFiles/HAVE_SYS_FILIO_H.c:2:10: fatal error: sys/filio.h: No such file or directory
    2 | #include <sys/filio.h>
      |          ^~~~~~~~~~~~~
compilation terminated.
gmake[1]: *** [CMakeFiles/cmTC_5686a.dir/build.make:78: CMakeFiles/cmTC_5686a.dir/HAVE_SYS_FILIO_H.c.o] Error 1
gmake[1]: Leaving directory '/home/rojong/MustGo_raspi/curl-8.5.0/CMakeFiles/CMakeTmp'
gmake: *** [Makefile:127: cmTC_5686a/fast] Error 2


Source:
/* */
#include <sys/filio.h>


int main(void){return 0;}

Determining if files sys/wait.h;sys/ioctl.h;sys/param.h;sys/poll.h;sys/resource.h;sys/select.h;sys/socket.h;sys/sockio.h exist failed with the following output:
Change Dir: /home/rojong/MustGo_raspi/curl-8.5.0/CMakeFiles/CMakeTmp

Run Build Command(s):/usr/bin/gmake -f Makefile cmTC_5f487/fast && /usr/bin/gmake  -f CMakeFiles/cmTC_5f487.dir/build.make CMakeFiles/cmTC_5f487.dir/build
gmake[1]: Entering directory '/home/rojong/MustGo_raspi/curl-8.5.0/CMakeFiles/CMakeTmp'
Building C object CMakeFiles/cmTC_5f487.dir/HAVE_SYS_SOCKIO_H.c.o
/usr/bin/cc   -W -Wall -pedantic -Wbad-function-cast -Wconversion -Winline -Wmissing-declarations -Wmissing-prototypes -Wnested-externs -Wno-long-long -Wno-multichar -Wpointer-arith -Wshadow -Wsign-compare -Wundef -Wunused -Wwrite-strings -Waddress -Wattributes -Wcast-align -Wdeclaration-after-statement -Wdiv-by-zero -Wempty-body -Wendif-labels -Wfloat-equal -Wformat-security -Wignored-qualifiers -Wmissing-field-initializers -Wmissing-noreturn -Wno-format-nonliteral -Wno-sign-conversion -Wno-system-headers -Wredundant-decls -Wold-style-definition -Wstrict-prototypes -Wtype-limits -Wunreachable-code -Wunused-parameter -Wvla -Wclobbered -Wmissing-parameter-type -Wold-style-declaration -Wstrict-aliasing=3 -Wformat=2 -Warray-bounds=2 -ftree-vrp -Wduplicated-cond -Wnull-dereference -fdelete-null-pointer-checks -Wshift-negative-value -Wshift-overflow=2 -Walloc-zero -Wduplicated-branches -Wformat-overflow=2 -Wformat-truncation=2 -Wrestrict -Warith-conversion -Wdouble-promotion -Wenum-conversion -Wpragmas -Wunused-const-variable  -o CMakeFiles/cmTC_5f487.dir/HAVE_SYS_SOCKIO_H.c.o -c /home/rojong/MustGo_raspi/curl-8.5.0/CMakeFiles/CheckIncludeFiles/HAVE_SYS_SOCKIO_H.c
/home/rojong/MustGo_raspi/curl-8.5.0/CMakeFiles/CheckIncludeFiles/HAVE_SYS_SOCKIO_H.c:9:10: fatal error: sys/sockio.h: No such file or directory
    9 | #include <sys/sockio.h>
      |          ^~~~~~~~~~~~~~
compilation terminated.
gmake[1]: *** [CMakeFiles/cmTC_5f487.dir/build.make:78: CMakeFiles/cmTC_5f487.dir/HAVE_SYS_SOCKIO_H.c.o] Error 1
gmake[1]: Leaving directory '/home/rojong/MustGo_raspi/curl-8.5.0/CMakeFiles/CMakeTmp'
gmake: *** [Makefile:127: cmTC_5f487/fast] Error 2


Source:
/* */
#include <sys/wait.h>
#include <sys/ioctl.h>
#include <sys/param.h>
#include <sys/poll.h>
#include <sys/resource.h>
#include <sys/select.h>
#include <sys/socket.h>
#include <sys/sockio.h>


int main(void){return 0;}

Determining if files sys/wait.h;sys/ioctl.h;sys/param.h;sys/poll.h;sys/resource.h;sys/select.h;sys/socket.h;sys/stat.h;sys/time.h;sys/types.h;sys/un.h;sys/utime.h exist failed with the following output:
Change Dir: /home/rojong/MustGo_raspi/curl-8.5.0/CMakeFiles/CMakeTmp

Run Build Command(s):/usr/bin/gmake -f Makefile cmTC_3860a/fast && /usr/bin/gmake  -f CMakeFiles/cmTC_3860a.dir/build.make CMakeFiles/cmTC_3860a.dir/build
gmake[1]: Entering directory '/home/rojong/MustGo_raspi/curl-8.5.0/CMakeFiles/CMakeTmp'
Building C object CMakeFiles/cmTC_3860a.dir/HAVE_SYS_UTIME_H.c.o
/usr/bin/cc   -W -Wall -pedantic -Wbad-function-cast -Wconversion -Winline -Wmissing-declarations -Wmissing-prototypes -Wnested-externs -Wno-long-long -Wno-multichar -Wpointer-arith -Wshadow -Wsign-compare -Wundef -Wunused -Wwrite-strings -Waddress -Wattributes -Wcast-align -Wdeclaration-after-statement -Wdiv-by-zero -Wempty-body -Wendif-labels -Wfloat-equal -Wformat-security -Wignored-qualifiers -Wmissing-field-initializers -Wmissing-noreturn -Wno-format-nonliteral -Wno-sign-conversion -Wno-system-headers -Wredundant-decls -Wold-style-definition -Wstrict-prototypes -Wtype-limits -Wunreachable-code -Wunused-parameter -Wvla -Wclobbered -Wmissing-parameter-type -Wold-style-declaration -Wstrict-aliasing=3 -Wformat=2 -Warray-bounds=2 -ftree-vrp -Wduplicated-cond -Wnull-dereference -fdelete-null-pointer-checks -Wshift-negative-value -Wshift-overflow=2 -Walloc-zero -Wduplicated-branches -Wformat-overflow=2 -Wformat-truncation=2 -Wrestrict -Warith-conversion -Wdouble-promotion -Wenum-conversion -Wpragmas -Wunused-const-variable  -o CMakeFiles/cmTC_3860a.dir/HAVE_SYS_UTIME_H.c.o -c /home/rojong/MustGo_raspi/curl-8.5.0/CMakeFiles/CheckIncludeFiles/HAVE_SYS_UTIME_H.c
/home/rojong/MustGo_raspi/curl-8.5.0/CMakeFiles/CheckIncludeFiles/HAVE_SYS_UTIME_H.c:13:10: fatal error: sys/utime.h: No such file or directory
   13 | #include <sys/utime.h>
      |          ^~~~~~~~~~~~~
compilation terminated.
gmake[1]: *** [CMakeFiles/cmTC_3860a.dir/build.make:78: CMakeFiles/cmTC_3860a.dir/HAVE_SYS_UTIME_H.c.o] Error 1
gmake[1]: Leaving directory '/home/rojong/MustGo_raspi/curl-8.5.0/CMakeFiles/CMakeTmp'
gmake: *** [Makefile:127: cmTC_3860a/fast] Error 2


Source:
/* */
#include <sys/wait.h>
#include <sys/ioctl.h>
#include <sys/param.h>
#include <sys/poll.h>
#include <sys/resource.h>
#include <sys/select.h>
#include <sys/socket.h>
#include <sys/stat.h>
#include <sys/time.h>
#include <sys/types.h>
#include <sys/un.h>
#include <sys/utime.h>


int main(void){return 0;}

Determining if files sys/wait.h;sys/ioctl.h;sys/param.h;sys/poll.h;sys/resource.h;sys/select.h;sys/socket.h;sys/stat.h;sys/time.h;sys/types.h;sys/un.h;sys/xattr.h;arpa/inet.h;fcntl.h;ifaddrs.h;io.h exist failed with the following output:
Change Dir: /home/rojong/MustGo_raspi/curl-8.5.0/CMakeFiles/CMakeTmp

Run Build Command(s):/usr/bin/gmake -f Makefile cmTC_85a8e/fast && /usr/bin/gmake  -f CMakeFiles/cmTC_85a8e.dir/build.make CMakeFiles/cmTC_85a8e.dir/build
gmake[1]: Entering directory '/home/rojong/MustGo_raspi/curl-8.5.0/CMakeFiles/CMakeTmp'
Building C object CMakeFiles/cmTC_85a8e.dir/HAVE_IO_H.c.o
/usr/bin/cc   -W -Wall -pedantic -Wbad-function-cast -Wconversion -Winline -Wmissing-declarations -Wmissing-prototypes -Wnested-externs -Wno-long-long -Wno-multichar -Wpointer-arith -Wshadow -Wsign-compare -Wundef -Wunused -Wwrite-strings -Waddress -Wattributes -Wcast-align -Wdeclaration-after-statement -Wdiv-by-zero -Wempty-body -Wendif-labels -Wfloat-equal -Wformat-security -Wignored-qualifiers -Wmissing-field-initializers -Wmissing-noreturn -Wno-format-nonliteral -Wno-sign-conversion -Wno-system-headers -Wredundant-decls -Wold-style-definition -Wstrict-prototypes -Wtype-limits -Wunreachable-code -Wunused-parameter -Wvla -Wclobbered -Wmissing-parameter-type -Wold-style-declaration -Wstrict-aliasing=3 -Wformat=2 -Warray-bounds=2 -ftree-vrp -Wduplicated-cond -Wnull-dereference -fdelete-null-pointer-checks -Wshift-negative-value -Wshift-overflow=2 -Walloc-zero -Wduplicated-branches -Wformat-overflow=2 -Wformat-truncation=2 -Wrestrict -Warith-conversion -Wdouble-promotion -Wenum-conversion -Wpragmas -Wunused-const-variable  -o CMakeFiles/cmTC_85a8e.dir/HAVE_IO_H.c.o -c /home/rojong/MustGo_raspi/curl-8.5.0/CMakeFiles/CheckIncludeFiles/HAVE_IO_H.c
/home/rojong/MustGo_raspi/curl-8.5.0/CMakeFiles/CheckIncludeFiles/HAVE_IO_H.c:17:10: fatal error: io.h: No such file or directory
   17 | #include <io.h>
      |          ^~~~~~
compilation terminated.
gmake[1]: *** [CMakeFiles/cmTC_85a8e.dir/build.make:78: CMakeFiles/cmTC_85a8e.dir/HAVE_IO_H.c.o] Error 1
gmake[1]: Leaving directory '/home/rojong/MustGo_raspi/curl-8.5.0/CMakeFiles/CMakeTmp'
gmake: *** [Makefile:127: cmTC_85a8e/fast] Error 2


Source:
/* */
#include <sys/wait.h>
#include <sys/ioctl.h>
#include <sys/param.h>
#include <sys/poll.h>
#include <sys/resource.h>
#include <sys/select.h>
#include <sys/socket.h>
#include <sys/stat.h>
#include <sys/time.h>
#include <sys/types.h>
#include <sys/un.h>
#include <sys/xattr.h>
#include <arpa/inet.h>
#include <fcntl.h>
#include <ifaddrs.h>
#include <io.h>


int main(void){return 0;}

Determining if files sys/wait.h;sys/ioctl.h;sys/param.h;sys/poll.h;sys/resource.h;sys/select.h;sys/socket.h;sys/stat.h;sys/time.h;sys/types.h;sys/un.h;sys/xattr.h;arpa/inet.h;fcntl.h;ifaddrs.h;libgen.h;locale.h;net/if.h;netdb.h;netinet/in.h;netinet/tcp.h;netinet/udp.h;poll.h;pwd.h;stdatomic.h;stdbool.h;strings.h;stropts.h exist failed with the following output:
Change Dir: /home/rojong/MustGo_raspi/curl-8.5.0/CMakeFiles/CMakeTmp

Run Build Command(s):/usr/bin/gmake -f Makefile cmTC_2e78d/fast && /usr/bin/gmake  -f CMakeFiles/cmTC_2e78d.dir/build.make CMakeFiles/cmTC_2e78d.dir/build
gmake[1]: Entering directory '/home/rojong/MustGo_raspi/curl-8.5.0/CMakeFiles/CMakeTmp'
Building C object CMakeFiles/cmTC_2e78d.dir/HAVE_STROPTS_H.c.o
/usr/bin/cc   -W -Wall -pedantic -Wbad-function-cast -Wconversion -Winline -Wmissing-declarations -Wmissing-prototypes -Wnested-externs -Wno-long-long -Wno-multichar -Wpointer-arith -Wshadow -Wsign-compare -Wundef -Wunused -Wwrite-strings -Waddress -Wattributes -Wcast-align -Wdeclaration-after-statement -Wdiv-by-zero -Wempty-body -Wendif-labels -Wfloat-equal -Wformat-security -Wignored-qualifiers -Wmissing-field-initializers -Wmissing-noreturn -Wno-format-nonliteral -Wno-sign-conversion -Wno-system-headers -Wredundant-decls -Wold-style-definition -Wstrict-prototypes -Wtype-limits -Wunreachable-code -Wunused-parameter -Wvla -Wclobbered -Wmissing-parameter-type -Wold-style-declaration -Wstrict-aliasing=3 -Wformat=2 -Warray-bounds=2 -ftree-vrp -Wduplicated-cond -Wnull-dereference -fdelete-null-pointer-checks -Wshift-negative-value -Wshift-overflow=2 -Walloc-zero -Wduplicated-branches -Wformat-overflow=2 -Wformat-truncation=2 -Wrestrict -Warith-conversion -Wdouble-promotion -Wenum-conversion -Wpragmas -Wunused-const-variable  -o CMakeFiles/cmTC_2e78d.dir/HAVE_STROPTS_H.c.o -c /home/rojong/MustGo_raspi/curl-8.5.0/CMakeFiles/CheckIncludeFiles/HAVE_STROPTS_H.c
/home/rojong/MustGo_raspi/curl-8.5.0/CMakeFiles/CheckIncludeFiles/HAVE_STROPTS_H.c:29:10: fatal error: stropts.h: No such file or directory
   29 | #include <stropts.h>
      |          ^~~~~~~~~~~
compilation terminated.
gmake[1]: *** [CMakeFiles/cmTC_2e78d.dir/build.make:78: CMakeFiles/cmTC_2e78d.dir/HAVE_STROPTS_H.c.o] Error 1
gmake[1]: Leaving directory '/home/rojong/MustGo_raspi/curl-8.5.0/CMakeFiles/CMakeTmp'
gmake: *** [Makefile:127: cmTC_2e78d/fast] Error 2


Source:
/* */
#include <sys/wait.h>
#include <sys/ioctl.h>
#include <sys/param.h>
#include <sys/poll.h>
#include <sys/resource.h>
#include <sys/select.h>
#include <sys/socket.h>
#include <sys/stat.h>
#include <sys/time.h>
#include <sys/types.h>
#include <sys/un.h>
#include <sys/xattr.h>
#include <arpa/inet.h>
#include <fcntl.h>
#include <ifaddrs.h>
#include <libgen.h>
#include <locale.h>
#include <net/if.h>
#include <netdb.h>
#include <netinet/in.h>
#include <netinet/tcp.h>
#include <netinet/udp.h>
#include <poll.h>
#include <pwd.h>
#include <stdatomic.h>
#include <stdbool.h>
#include <strings.h>
#include <stropts.h>


int main(void){return 0;}

Determining size of __int64 failed with the following output:
Change Dir: /home/rojong/MustGo_raspi/curl-8.5.0/CMakeFiles/CMakeTmp

Run Build Command(s):/usr/bin/gmake -f Makefile cmTC_07e43/fast && /usr/bin/gmake  -f CMakeFiles/cmTC_07e43.dir/build.make CMakeFiles/cmTC_07e43.dir/build
gmake[1]: Entering directory '/home/rojong/MustGo_raspi/curl-8.5.0/CMakeFiles/CMakeTmp'
Building C object CMakeFiles/cmTC_07e43.dir/SIZEOF___INT64.c.o
/usr/bin/cc   -W -Wall -pedantic -Wbad-function-cast -Wconversion -Winline -Wmissing-declarations -Wmissing-prototypes -Wnested-externs -Wno-long-long -Wno-multichar -Wpointer-arith -Wshadow -Wsign-compare -Wundef -Wunused -Wwrite-strings -Waddress -Wattributes -Wcast-align -Wdeclaration-after-statement -Wdiv-by-zero -Wempty-body -Wendif-labels -Wfloat-equal -Wformat-security -Wignored-qualifiers -Wmissing-field-initializers -Wmissing-noreturn -Wno-format-nonliteral -Wno-sign-conversion -Wno-system-headers -Wredundant-decls -Wold-style-definition -Wstrict-prototypes -Wtype-limits -Wunreachable-code -Wunused-parameter -Wvla -Wclobbered -Wmissing-parameter-type -Wold-style-declaration -Wstrict-aliasing=3 -Wformat=2 -Warray-bounds=2 -ftree-vrp -Wduplicated-cond -Wnull-dereference -fdelete-null-pointer-checks -Wshift-negative-value -Wshift-overflow=2 -Walloc-zero -Wduplicated-branches -Wformat-overflow=2 -Wformat-truncation=2 -Wrestrict -Warith-conversion -Wdouble-promotion -Wenum-conversion -Wpragmas -Wunused-const-variable  -o CMakeFiles/cmTC_07e43.dir/SIZEOF___INT64.c.o -c /home/rojong/MustGo_raspi/curl-8.5.0/CMakeFiles/CheckTypeSize/SIZEOF___INT64.c
/home/rojong/MustGo_raspi/curl-8.5.0/CMakeFiles/CheckTypeSize/SIZEOF___INT64.c:27:22: error: ‘__int64’ undeclared here (not in a function); did you mean ‘__int64_t’?
   27 | #define SIZE (sizeof(__int64))
      |                      ^~~~~~~
/home/rojong/MustGo_raspi/curl-8.5.0/CMakeFiles/CheckTypeSize/SIZEOF___INT64.c:29:12: note: in expansion of macro ‘SIZE’
   29 |   ('0' + ((SIZE / 10000)%10)),
      |            ^~~~
gmake[1]: *** [CMakeFiles/cmTC_07e43.dir/build.make:78: CMakeFiles/cmTC_07e43.dir/SIZEOF___INT64.c.o] Error 1
gmake[1]: Leaving directory '/home/rojong/MustGo_raspi/curl-8.5.0/CMakeFiles/CMakeTmp'
gmake: *** [Makefile:127: cmTC_07e43/fast] Error 2


/home/rojong/MustGo_raspi/curl-8.5.0/CMakeFiles/CheckTypeSize/SIZEOF___INT64.c:
#include <sys/types.h>
#include <stdint.h>
#include <stddef.h>


#undef KEY
#if defined(__i386)
# define KEY '_','_','i','3','8','6'
#elif defined(__x86_64)
# define KEY '_','_','x','8','6','_','6','4'
#elif defined(__PPC64__)
# define KEY '_','_','P','P','C','6','4','_','_'
#elif defined(__ppc64__)
# define KEY '_','_','p','p','c','6','4','_','_'
#elif defined(__PPC__)
# define KEY '_','_','P','P','C','_','_'
#elif defined(__ppc__)
# define KEY '_','_','p','p','c','_','_'
#elif defined(__aarch64__)
# define KEY '_','_','a','a','r','c','h','6','4','_','_'
#elif defined(__ARM_ARCH_7A__)
# define KEY '_','_','A','R','M','_','A','R','C','H','_','7','A','_','_'
#elif defined(__ARM_ARCH_7S__)
# define KEY '_','_','A','R','M','_','A','R','C','H','_','7','S','_','_'
#endif

#define SIZE (sizeof(__int64))
static char info_size[] =  {'I', 'N', 'F', 'O', ':', 's','i','z','e','[',
  ('0' + ((SIZE / 10000)%10)),
  ('0' + ((SIZE / 1000)%10)),
  ('0' + ((SIZE / 100)%10)),
  ('0' + ((SIZE / 10)%10)),
  ('0' +  (SIZE    % 10)),
  ']',
#ifdef KEY
  ' ','k','e','y','[', KEY, ']',
#endif
  '\0'};

#ifdef __CLASSIC_C__
int main(argc, argv) int argc; char *argv[];
#else
int main(int argc, char *argv[])
#endif
{
  int require = 0;
  require += info_size[argc];
  (void)argv;
  return require;
}


Determining if the stricmp exist failed with the following output:
Change Dir: /home/rojong/MustGo_raspi/curl-8.5.0/CMakeFiles/CMakeTmp

Run Build Command(s):/usr/bin/gmake -f Makefile cmTC_a8c9a/fast && /usr/bin/gmake  -f CMakeFiles/cmTC_a8c9a.dir/build.make CMakeFiles/cmTC_a8c9a.dir/build
gmake[1]: Entering directory '/home/rojong/MustGo_raspi/curl-8.5.0/CMakeFiles/CMakeTmp'
Building C object CMakeFiles/cmTC_a8c9a.dir/CheckSymbolExists.c.o
/usr/bin/cc   -W -Wall -pedantic -Wbad-function-cast -Wconversion -Winline -Wmissing-declarations -Wmissing-prototypes -Wnested-externs -Wno-long-long -Wno-multichar -Wpointer-arith -Wshadow -Wsign-compare -Wundef -Wunused -Wwrite-strings -Waddress -Wattributes -Wcast-align -Wdeclaration-after-statement -Wdiv-by-zero -Wempty-body -Wendif-labels -Wfloat-equal -Wformat-security -Wignored-qualifiers -Wmissing-field-initializers -Wmissing-noreturn -Wno-format-nonliteral -Wno-sign-conversion -Wno-system-headers -Wredundant-decls -Wold-style-definition -Wstrict-prototypes -Wtype-limits -Wunreachable-code -Wunused-parameter -Wvla -Wclobbered -Wmissing-parameter-type -Wold-style-declaration -Wstrict-aliasing=3 -Wformat=2 -Warray-bounds=2 -ftree-vrp -Wduplicated-cond -Wnull-dereference -fdelete-null-pointer-checks -Wshift-negative-value -Wshift-overflow=2 -Walloc-zero -Wduplicated-branches -Wformat-overflow=2 -Wformat-truncation=2 -Wrestrict -Warith-conversion -Wdouble-promotion -Wenum-conversion -Wpragmas -Wunused-const-variable  -o CMakeFiles/cmTC_a8c9a.dir/CheckSymbolExists.c.o -c /home/rojong/MustGo_raspi/curl-8.5.0/CMakeFiles/CMakeTmp/CheckSymbolExists.c
/home/rojong/MustGo_raspi/curl-8.5.0/CMakeFiles/CMakeTmp/CheckSymbolExists.c: In function ‘main’:
/home/rojong/MustGo_raspi/curl-8.5.0/CMakeFiles/CMakeTmp/CheckSymbolExists.c:39:19: error: ‘stricmp’ undeclared (first use in this function); did you mean ‘strncmp’?
   39 |   return ((int*)(&stricmp))[argc];
      |                   ^~~~~~~
      |                   strncmp
/home/rojong/MustGo_raspi/curl-8.5.0/CMakeFiles/CMakeTmp/CheckSymbolExists.c:39:19: note: each undeclared identifier is reported only once for each function it appears in
/home/rojong/MustGo_raspi/curl-8.5.0/CMakeFiles/CMakeTmp/CheckSymbolExists.c:35:14: warning: parameter ‘argc’ set but not used [-Wunused-but-set-parameter]
   35 | int main(int argc, char** argv)
      |          ~~~~^~~~
gmake[1]: *** [CMakeFiles/cmTC_a8c9a.dir/build.make:78: CMakeFiles/cmTC_a8c9a.dir/CheckSymbolExists.c.o] Error 1
gmake[1]: Leaving directory '/home/rojong/MustGo_raspi/curl-8.5.0/CMakeFiles/CMakeTmp'
gmake: *** [Makefile:127: cmTC_a8c9a/fast] Error 2


File /home/rojong/MustGo_raspi/curl-8.5.0/CMakeFiles/CMakeTmp/CheckSymbolExists.c:
/* */
#include <sys/wait.h>
#include <sys/ioctl.h>
#include <sys/param.h>
#include <sys/poll.h>
#include <sys/resource.h>
#include <sys/select.h>
#include <sys/socket.h>
#include <sys/stat.h>
#include <sys/time.h>
#include <sys/types.h>
#include <sys/un.h>
#include <sys/xattr.h>
#include <arpa/inet.h>
#include <fcntl.h>
#include <ifaddrs.h>
#include <libgen.h>
#include <locale.h>
#include <net/if.h>
#include <netdb.h>
#include <netinet/in.h>
#include <netinet/tcp.h>
#include <netinet/udp.h>
#include <poll.h>
#include <pwd.h>
#include <stdatomic.h>
#include <stdbool.h>
#include <strings.h>
#include <termio.h>
#include <termios.h>
#include <unistd.h>
#include <utime.h>
#include <string.h>

int main(int argc, char** argv)
{
  (void)argv;
#ifndef stricmp
  return ((int*)(&stricmp))[argc];
#else
  (void)argc;
  return 0;
#endif
}
Determining if the strcmpi exist failed with the following output:
Change Dir: /home/rojong/MustGo_raspi/curl-8.5.0/CMakeFiles/CMakeTmp

Run Build Command(s):/usr/bin/gmake -f Makefile cmTC_4e984/fast && /usr/bin/gmake  -f CMakeFiles/cmTC_4e984.dir/build.make CMakeFiles/cmTC_4e984.dir/build
gmake[1]: Entering directory '/home/rojong/MustGo_raspi/curl-8.5.0/CMakeFiles/CMakeTmp'
Building C object CMakeFiles/cmTC_4e984.dir/CheckSymbolExists.c.o
/usr/bin/cc   -W -Wall -pedantic -Wbad-function-cast -Wconversion -Winline -Wmissing-declarations -Wmissing-prototypes -Wnested-externs -Wno-long-long -Wno-multichar -Wpointer-arith -Wshadow -Wsign-compare -Wundef -Wunused -Wwrite-strings -Waddress -Wattributes -Wcast-align -Wdeclaration-after-statement -Wdiv-by-zero -Wempty-body -Wendif-labels -Wfloat-equal -Wformat-security -Wignored-qualifiers -Wmissing-field-initializers -Wmissing-noreturn -Wno-format-nonliteral -Wno-sign-conversion -Wno-system-headers -Wredundant-decls -Wold-style-definition -Wstrict-prototypes -Wtype-limits -Wunreachable-code -Wunused-parameter -Wvla -Wclobbered -Wmissing-parameter-type -Wold-style-declaration -Wstrict-aliasing=3 -Wformat=2 -Warray-bounds=2 -ftree-vrp -Wduplicated-cond -Wnull-dereference -fdelete-null-pointer-checks -Wshift-negative-value -Wshift-overflow=2 -Walloc-zero -Wduplicated-branches -Wformat-overflow=2 -Wformat-truncation=2 -Wrestrict -Warith-conversion -Wdouble-promotion -Wenum-conversion -Wpragmas -Wunused-const-variable  -o CMakeFiles/cmTC_4e984.dir/CheckSymbolExists.c.o -c /home/rojong/MustGo_raspi/curl-8.5.0/CMakeFiles/CMakeTmp/CheckSymbolExists.c
/home/rojong/MustGo_raspi/curl-8.5.0/CMakeFiles/CMakeTmp/CheckSymbolExists.c: In function ‘main’:
/home/rojong/MustGo_raspi/curl-8.5.0/CMakeFiles/CMakeTmp/CheckSymbolExists.c:39:19: error: ‘strcmpi’ undeclared (first use in this function); did you mean ‘strcmp’?
   39 |   return ((int*)(&strcmpi))[argc];
      |                   ^~~~~~~
      |                   strcmp
/home/rojong/MustGo_raspi/curl-8.5.0/CMakeFiles/CMakeTmp/CheckSymbolExists.c:39:19: note: each undeclared identifier is reported only once for each function it appears in
/home/rojong/MustGo_raspi/curl-8.5.0/CMakeFiles/CMakeTmp/CheckSymbolExists.c:35:14: warning: parameter ‘argc’ set but not used [-Wunused-but-set-parameter]
   35 | int main(int argc, char** argv)
      |          ~~~~^~~~
gmake[1]: *** [CMakeFiles/cmTC_4e984.dir/build.make:78: CMakeFiles/cmTC_4e984.dir/CheckSymbolExists.c.o] Error 1
gmake[1]: Leaving directory '/home/rojong/MustGo_raspi/curl-8.5.0/CMakeFiles/CMakeTmp'
gmake: *** [Makefile:127: cmTC_4e984/fast] Error 2


File /home/rojong/MustGo_raspi/curl-8.5.0/CMakeFiles/CMakeTmp/CheckSymbolExists.c:
/* */
#include <sys/wait.h>
#include <sys/ioctl.h>
#include <sys/param.h>
#include <sys/poll.h>
#include <sys/resource.h>
#include <sys/select.h>
#include <sys/socket.h>
#include <sys/stat.h>
#include <sys/time.h>
#include <sys/types.h>
#include <sys/un.h>
#include <sys/xattr.h>
#include <arpa/inet.h>
#include <fcntl.h>
#include <ifaddrs.h>
#include <libgen.h>
#include <locale.h>
#include <net/if.h>
#include <netdb.h>
#include <netinet/in.h>
#include <netinet/tcp.h>
#include <netinet/udp.h>
#include <poll.h>
#include <pwd.h>
#include <stdatomic.h>
#include <stdbool.h>
#include <strings.h>
#include <termio.h>
#include <termios.h>
#include <unistd.h>
#include <utime.h>
#include <string.h>

int main(int argc, char** argv)
{
  (void)argv;
#ifndef strcmpi
  return ((int*)(&strcmpi))[argc];
#else
  (void)argc;
  return 0;
#endif
}
Determining if the memrchr exist failed with the following output:
Change Dir: /home/rojong/MustGo_raspi/curl-8.5.0/CMakeFiles/CMakeTmp

Run Build Command(s):/usr/bin/gmake -f Makefile cmTC_24147/fast && /usr/bin/gmake  -f CMakeFiles/cmTC_24147.dir/build.make CMakeFiles/cmTC_24147.dir/build
gmake[1]: Entering directory '/home/rojong/MustGo_raspi/curl-8.5.0/CMakeFiles/CMakeTmp'
Building C object CMakeFiles/cmTC_24147.dir/CheckSymbolExists.c.o
/usr/bin/cc   -W -Wall -pedantic -Wbad-function-cast -Wconversion -Winline -Wmissing-declarations -Wmissing-prototypes -Wnested-externs -Wno-long-long -Wno-multichar -Wpointer-arith -Wshadow -Wsign-compare -Wundef -Wunused -Wwrite-strings -Waddress -Wattributes -Wcast-align -Wdeclaration-after-statement -Wdiv-by-zero -Wempty-body -Wendif-labels -Wfloat-equal -Wformat-security -Wignored-qualifiers -Wmissing-field-initializers -Wmissing-noreturn -Wno-format-nonliteral -Wno-sign-conversion -Wno-system-headers -Wredundant-decls -Wold-style-definition -Wstrict-prototypes -Wtype-limits -Wunreachable-code -Wunused-parameter -Wvla -Wclobbered -Wmissing-parameter-type -Wold-style-declaration -Wstrict-aliasing=3 -Wformat=2 -Warray-bounds=2 -ftree-vrp -Wduplicated-cond -Wnull-dereference -fdelete-null-pointer-checks -Wshift-negative-value -Wshift-overflow=2 -Walloc-zero -Wduplicated-branches -Wformat-overflow=2 -Wformat-truncation=2 -Wrestrict -Warith-conversion -Wdouble-promotion -Wenum-conversion -Wpragmas -Wunused-const-variable  -o CMakeFiles/cmTC_24147.dir/CheckSymbolExists.c.o -c /home/rojong/MustGo_raspi/curl-8.5.0/CMakeFiles/CMakeTmp/CheckSymbolExists.c
/home/rojong/MustGo_raspi/curl-8.5.0/CMakeFiles/CMakeTmp/CheckSymbolExists.c: In function ‘main’:
/home/rojong/MustGo_raspi/curl-8.5.0/CMakeFiles/CMakeTmp/CheckSymbolExists.c:39:19: error: ‘memrchr’ undeclared (first use in this function); did you mean ‘memchr’?
   39 |   return ((int*)(&memrchr))[argc];
      |                   ^~~~~~~
      |                   memchr
/home/rojong/MustGo_raspi/curl-8.5.0/CMakeFiles/CMakeTmp/CheckSymbolExists.c:39:19: note: each undeclared identifier is reported only once for each function it appears in
/home/rojong/MustGo_raspi/curl-8.5.0/CMakeFiles/CMakeTmp/CheckSymbolExists.c:35:14: warning: parameter ‘argc’ set but not used [-Wunused-but-set-parameter]
   35 | int main(int argc, char** argv)
      |          ~~~~^~~~
gmake[1]: *** [CMakeFiles/cmTC_24147.dir/build.make:78: CMakeFiles/cmTC_24147.dir/CheckSymbolExists.c.o] Error 1
gmake[1]: Leaving directory '/home/rojong/MustGo_raspi/curl-8.5.0/CMakeFiles/CMakeTmp'
gmake: *** [Makefile:127: cmTC_24147/fast] Error 2


File /home/rojong/MustGo_raspi/curl-8.5.0/CMakeFiles/CMakeTmp/CheckSymbolExists.c:
/* */
#include <sys/wait.h>
#include <sys/ioctl.h>
#include <sys/param.h>
#include <sys/poll.h>
#include <sys/resource.h>
#include <sys/select.h>
#include <sys/socket.h>
#include <sys/stat.h>
#include <sys/time.h>
#include <sys/types.h>
#include <sys/un.h>
#include <sys/xattr.h>
#include <arpa/inet.h>
#include <fcntl.h>
#include <ifaddrs.h>
#include <libgen.h>
#include <locale.h>
#include <net/if.h>
#include <netdb.h>
#include <netinet/in.h>
#include <netinet/tcp.h>
#include <netinet/udp.h>
#include <poll.h>
#include <pwd.h>
#include <stdatomic.h>
#include <stdbool.h>
#include <strings.h>
#include <termio.h>
#include <termios.h>
#include <unistd.h>
#include <utime.h>
#include <string.h>

int main(int argc, char** argv)
{
  (void)argv;
#ifndef memrchr
  return ((int*)(&memrchr))[argc];
#else
  (void)argc;
  return 0;
#endif
}
Determining if the arc4random exist failed with the following output:
Change Dir: /home/rojong/MustGo_raspi/curl-8.5.0/CMakeFiles/CMakeTmp

Run Build Command(s):/usr/bin/gmake -f Makefile cmTC_d58e7/fast && /usr/bin/gmake  -f CMakeFiles/cmTC_d58e7.dir/build.make CMakeFiles/cmTC_d58e7.dir/build
gmake[1]: Entering directory '/home/rojong/MustGo_raspi/curl-8.5.0/CMakeFiles/CMakeTmp'
Building C object CMakeFiles/cmTC_d58e7.dir/CheckSymbolExists.c.o
/usr/bin/cc   -W -Wall -pedantic -Wbad-function-cast -Wconversion -Winline -Wmissing-declarations -Wmissing-prototypes -Wnested-externs -Wno-long-long -Wno-multichar -Wpointer-arith -Wshadow -Wsign-compare -Wundef -Wunused -Wwrite-strings -Waddress -Wattributes -Wcast-align -Wdeclaration-after-statement -Wdiv-by-zero -Wempty-body -Wendif-labels -Wfloat-equal -Wformat-security -Wignored-qualifiers -Wmissing-field-initializers -Wmissing-noreturn -Wno-format-nonliteral -Wno-sign-conversion -Wno-system-headers -Wredundant-decls -Wold-style-definition -Wstrict-prototypes -Wtype-limits -Wunreachable-code -Wunused-parameter -Wvla -Wclobbered -Wmissing-parameter-type -Wold-style-declaration -Wstrict-aliasing=3 -Wformat=2 -Warray-bounds=2 -ftree-vrp -Wduplicated-cond -Wnull-dereference -fdelete-null-pointer-checks -Wshift-negative-value -Wshift-overflow=2 -Walloc-zero -Wduplicated-branches -Wformat-overflow=2 -Wformat-truncation=2 -Wrestrict -Warith-conversion -Wdouble-promotion -Wenum-conversion -Wpragmas -Wunused-const-variable  -o CMakeFiles/cmTC_d58e7.dir/CheckSymbolExists.c.o -c /home/rojong/MustGo_raspi/curl-8.5.0/CMakeFiles/CMakeTmp/CheckSymbolExists.c
/home/rojong/MustGo_raspi/curl-8.5.0/CMakeFiles/CMakeTmp/CheckSymbolExists.c: In function ‘main’:
/home/rojong/MustGo_raspi/curl-8.5.0/CMakeFiles/CMakeTmp/CheckSymbolExists.c:39:19: error: ‘arc4random’ undeclared (first use in this function); did you mean ‘srandom’?
   39 |   return ((int*)(&arc4random))[argc];
      |                   ^~~~~~~~~~
      |                   srandom
/home/rojong/MustGo_raspi/curl-8.5.0/CMakeFiles/CMakeTmp/CheckSymbolExists.c:39:19: note: each undeclared identifier is reported only once for each function it appears in
/home/rojong/MustGo_raspi/curl-8.5.0/CMakeFiles/CMakeTmp/CheckSymbolExists.c:35:14: warning: parameter ‘argc’ set but not used [-Wunused-but-set-parameter]
   35 | int main(int argc, char** argv)
      |          ~~~~^~~~
gmake[1]: *** [CMakeFiles/cmTC_d58e7.dir/build.make:78: CMakeFiles/cmTC_d58e7.dir/CheckSymbolExists.c.o] Error 1
gmake[1]: Leaving directory '/home/rojong/MustGo_raspi/curl-8.5.0/CMakeFiles/CMakeTmp'
gmake: *** [Makefile:127: cmTC_d58e7/fast] Error 2


File /home/rojong/MustGo_raspi/curl-8.5.0/CMakeFiles/CMakeTmp/CheckSymbolExists.c:
/* */
#include <sys/wait.h>
#include <sys/ioctl.h>
#include <sys/param.h>
#include <sys/poll.h>
#include <sys/resource.h>
#include <sys/select.h>
#include <sys/socket.h>
#include <sys/stat.h>
#include <sys/time.h>
#include <sys/types.h>
#include <sys/un.h>
#include <sys/xattr.h>
#include <arpa/inet.h>
#include <fcntl.h>
#include <ifaddrs.h>
#include <libgen.h>
#include <locale.h>
#include <net/if.h>
#include <netdb.h>
#include <netinet/in.h>
#include <netinet/tcp.h>
#include <netinet/udp.h>
#include <poll.h>
#include <pwd.h>
#include <stdatomic.h>
#include <stdbool.h>
#include <strings.h>
#include <termio.h>
#include <termios.h>
#include <unistd.h>
#include <utime.h>
#include <stdlib.h>

int main(int argc, char** argv)
{
  (void)argv;
#ifndef arc4random
  return ((int*)(&arc4random))[argc];
#else
  (void)argc;
  return 0;
#endif
}
Determining if the closesocket exist failed with the following output:
Change Dir: /home/rojong/MustGo_raspi/curl-8.5.0/CMakeFiles/CMakeTmp

Run Build Command(s):/usr/bin/gmake -f Makefile cmTC_cb627/fast && /usr/bin/gmake  -f CMakeFiles/cmTC_cb627.dir/build.make CMakeFiles/cmTC_cb627.dir/build
gmake[1]: Entering directory '/home/rojong/MustGo_raspi/curl-8.5.0/CMakeFiles/CMakeTmp'
Building C object CMakeFiles/cmTC_cb627.dir/CheckSymbolExists.c.o
/usr/bin/cc   -W -Wall -pedantic -Wbad-function-cast -Wconversion -Winline -Wmissing-declarations -Wmissing-prototypes -Wnested-externs -Wno-long-long -Wno-multichar -Wpointer-arith -Wshadow -Wsign-compare -Wundef -Wunused -Wwrite-strings -Waddress -Wattributes -Wcast-align -Wdeclaration-after-statement -Wdiv-by-zero -Wempty-body -Wendif-labels -Wfloat-equal -Wformat-security -Wignored-qualifiers -Wmissing-field-initializers -Wmissing-noreturn -Wno-format-nonliteral -Wno-sign-conversion -Wno-system-headers -Wredundant-decls -Wold-style-definition -Wstrict-prototypes -Wtype-limits -Wunreachable-code -Wunused-parameter -Wvla -Wclobbered -Wmissing-parameter-type -Wold-style-declaration -Wstrict-aliasing=3 -Wformat=2 -Warray-bounds=2 -ftree-vrp -Wduplicated-cond -Wnull-dereference -fdelete-null-pointer-checks -Wshift-negative-value -Wshift-overflow=2 -Walloc-zero -Wduplicated-branches -Wformat-overflow=2 -Wformat-truncation=2 -Wrestrict -Warith-conversion -Wdouble-promotion -Wenum-conversion -Wpragmas -Wunused-const-variable  -o CMakeFiles/cmTC_cb627.dir/CheckSymbolExists.c.o -c /home/rojong/MustGo_raspi/curl-8.5.0/CMakeFiles/CMakeTmp/CheckSymbolExists.c
/home/rojong/MustGo_raspi/curl-8.5.0/CMakeFiles/CMakeTmp/CheckSymbolExists.c: In function ‘main’:
/home/rojong/MustGo_raspi/curl-8.5.0/CMakeFiles/CMakeTmp/CheckSymbolExists.c:38:19: error: ‘closesocket’ undeclared (first use in this function)
   38 |   return ((int*)(&closesocket))[argc];
      |                   ^~~~~~~~~~~
/home/rojong/MustGo_raspi/curl-8.5.0/CMakeFiles/CMakeTmp/CheckSymbolExists.c:38:19: note: each undeclared identifier is reported only once for each function it appears in
/home/rojong/MustGo_raspi/curl-8.5.0/CMakeFiles/CMakeTmp/CheckSymbolExists.c:34:14: warning: parameter ‘argc’ set but not used [-Wunused-but-set-parameter]
   34 | int main(int argc, char** argv)
      |          ~~~~^~~~
gmake[1]: *** [CMakeFiles/cmTC_cb627.dir/build.make:78: CMakeFiles/cmTC_cb627.dir/CheckSymbolExists.c.o] Error 1
gmake[1]: Leaving directory '/home/rojong/MustGo_raspi/curl-8.5.0/CMakeFiles/CMakeTmp'
gmake: *** [Makefile:127: cmTC_cb627/fast] Error 2


File /home/rojong/MustGo_raspi/curl-8.5.0/CMakeFiles/CMakeTmp/CheckSymbolExists.c:
/* */
#include <sys/wait.h>
#include <sys/ioctl.h>
#include <sys/param.h>
#include <sys/poll.h>
#include <sys/resource.h>
#include <sys/select.h>
#include <sys/socket.h>
#include <sys/stat.h>
#include <sys/time.h>
#include <sys/types.h>
#include <sys/un.h>
#include <sys/xattr.h>
#include <arpa/inet.h>
#include <fcntl.h>
#include <ifaddrs.h>
#include <libgen.h>
#include <locale.h>
#include <net/if.h>
#include <netdb.h>
#include <netinet/in.h>
#include <netinet/tcp.h>
#include <netinet/udp.h>
#include <poll.h>
#include <pwd.h>
#include <stdatomic.h>
#include <stdbool.h>
#include <strings.h>
#include <termio.h>
#include <termios.h>
#include <unistd.h>
#include <utime.h>

int main(int argc, char** argv)
{
  (void)argv;
#ifndef closesocket
  return ((int*)(&closesocket))[argc];
#else
  (void)argc;
  return 0;
#endif
}
Determining if the getpass_r exist failed with the following output:
Change Dir: /home/rojong/MustGo_raspi/curl-8.5.0/CMakeFiles/CMakeTmp

Run Build Command(s):/usr/bin/gmake -f Makefile cmTC_75b52/fast && /usr/bin/gmake  -f CMakeFiles/cmTC_75b52.dir/build.make CMakeFiles/cmTC_75b52.dir/build
gmake[1]: Entering directory '/home/rojong/MustGo_raspi/curl-8.5.0/CMakeFiles/CMakeTmp'
Building C object CMakeFiles/cmTC_75b52.dir/CheckSymbolExists.c.o
/usr/bin/cc   -W -Wall -pedantic -Wbad-function-cast -Wconversion -Winline -Wmissing-declarations -Wmissing-prototypes -Wnested-externs -Wno-long-long -Wno-multichar -Wpointer-arith -Wshadow -Wsign-compare -Wundef -Wunused -Wwrite-strings -Waddress -Wattributes -Wcast-align -Wdeclaration-after-statement -Wdiv-by-zero -Wempty-body -Wendif-labels -Wfloat-equal -Wformat-security -Wignored-qualifiers -Wmissing-field-initializers -Wmissing-noreturn -Wno-format-nonliteral -Wno-sign-conversion -Wno-system-headers -Wredundant-decls -Wold-style-definition -Wstrict-prototypes -Wtype-limits -Wunreachable-code -Wunused-parameter -Wvla -Wclobbered -Wmissing-parameter-type -Wold-style-declaration -Wstrict-aliasing=3 -Wformat=2 -Warray-bounds=2 -ftree-vrp -Wduplicated-cond -Wnull-dereference -fdelete-null-pointer-checks -Wshift-negative-value -Wshift-overflow=2 -Walloc-zero -Wduplicated-branches -Wformat-overflow=2 -Wformat-truncation=2 -Wrestrict -Warith-conversion -Wdouble-promotion -Wenum-conversion -Wpragmas -Wunused-const-variable  -o CMakeFiles/cmTC_75b52.dir/CheckSymbolExists.c.o -c /home/rojong/MustGo_raspi/curl-8.5.0/CMakeFiles/CMakeTmp/CheckSymbolExists.c
/home/rojong/MustGo_raspi/curl-8.5.0/CMakeFiles/CMakeTmp/CheckSymbolExists.c: In function ‘main’:
/home/rojong/MustGo_raspi/curl-8.5.0/CMakeFiles/CMakeTmp/CheckSymbolExists.c:38:19: error: ‘getpass_r’ undeclared (first use in this function); did you mean ‘getpass’?
   38 |   return ((int*)(&getpass_r))[argc];
      |                   ^~~~~~~~~
      |                   getpass
/home/rojong/MustGo_raspi/curl-8.5.0/CMakeFiles/CMakeTmp/CheckSymbolExists.c:38:19: note: each undeclared identifier is reported only once for each function it appears in
/home/rojong/MustGo_raspi/curl-8.5.0/CMakeFiles/CMakeTmp/CheckSymbolExists.c:34:14: warning: parameter ‘argc’ set but not used [-Wunused-but-set-parameter]
   34 | int main(int argc, char** argv)
      |          ~~~~^~~~
gmake[1]: *** [CMakeFiles/cmTC_75b52.dir/build.make:78: CMakeFiles/cmTC_75b52.dir/CheckSymbolExists.c.o] Error 1
gmake[1]: Leaving directory '/home/rojong/MustGo_raspi/curl-8.5.0/CMakeFiles/CMakeTmp'
gmake: *** [Makefile:127: cmTC_75b52/fast] Error 2


File /home/rojong/MustGo_raspi/curl-8.5.0/CMakeFiles/CMakeTmp/CheckSymbolExists.c:
/* */
#include <sys/wait.h>
#include <sys/ioctl.h>
#include <sys/param.h>
#include <sys/poll.h>
#include <sys/resource.h>
#include <sys/select.h>
#include <sys/socket.h>
#include <sys/stat.h>
#include <sys/time.h>
#include <sys/types.h>
#include <sys/un.h>
#include <sys/xattr.h>
#include <arpa/inet.h>
#include <fcntl.h>
#include <ifaddrs.h>
#include <libgen.h>
#include <locale.h>
#include <net/if.h>
#include <netdb.h>
#include <netinet/in.h>
#include <netinet/tcp.h>
#include <netinet/udp.h>
#include <poll.h>
#include <pwd.h>
#include <stdatomic.h>
#include <stdbool.h>
#include <strings.h>
#include <termio.h>
#include <termios.h>
#include <unistd.h>
#include <utime.h>

int main(int argc, char** argv)
{
  (void)argv;
#ifndef getpass_r
  return ((int*)(&getpass_r))[argc];
#else
  (void)argc;
  return 0;
#endif
}
Determining if the _fseeki64 exist failed with the following output:
Change Dir: /home/rojong/MustGo_raspi/curl-8.5.0/CMakeFiles/CMakeTmp

Run Build Command(s):/usr/bin/gmake -f Makefile cmTC_0a612/fast && /usr/bin/gmake  -f CMakeFiles/cmTC_0a612.dir/build.make CMakeFiles/cmTC_0a612.dir/build
gmake[1]: Entering directory '/home/rojong/MustGo_raspi/curl-8.5.0/CMakeFiles/CMakeTmp'
Building C object CMakeFiles/cmTC_0a612.dir/CheckSymbolExists.c.o
/usr/bin/cc   -W -Wall -pedantic -Wbad-function-cast -Wconversion -Winline -Wmissing-declarations -Wmissing-prototypes -Wnested-externs -Wno-long-long -Wno-multichar -Wpointer-arith -Wshadow -Wsign-compare -Wundef -Wunused -Wwrite-strings -Waddress -Wattributes -Wcast-align -Wdeclaration-after-statement -Wdiv-by-zero -Wempty-body -Wendif-labels -Wfloat-equal -Wformat-security -Wignored-qualifiers -Wmissing-field-initializers -Wmissing-noreturn -Wno-format-nonliteral -Wno-sign-conversion -Wno-system-headers -Wredundant-decls -Wold-style-definition -Wstrict-prototypes -Wtype-limits -Wunreachable-code -Wunused-parameter -Wvla -Wclobbered -Wmissing-parameter-type -Wold-style-declaration -Wstrict-aliasing=3 -Wformat=2 -Warray-bounds=2 -ftree-vrp -Wduplicated-cond -Wnull-dereference -fdelete-null-pointer-checks -Wshift-negative-value -Wshift-overflow=2 -Walloc-zero -Wduplicated-branches -Wformat-overflow=2 -Wformat-truncation=2 -Wrestrict -Warith-conversion -Wdouble-promotion -Wenum-conversion -Wpragmas -Wunused-const-variable  -o CMakeFiles/cmTC_0a612.dir/CheckSymbolExists.c.o -c /home/rojong/MustGo_raspi/curl-8.5.0/CMakeFiles/CMakeTmp/CheckSymbolExists.c
/home/rojong/MustGo_raspi/curl-8.5.0/CMakeFiles/CMakeTmp/CheckSymbolExists.c: In function ‘main’:
/home/rojong/MustGo_raspi/curl-8.5.0/CMakeFiles/CMakeTmp/CheckSymbolExists.c:39:19: error: ‘_fseeki64’ undeclared (first use in this function)
   39 |   return ((int*)(&_fseeki64))[argc];
      |                   ^~~~~~~~~
/home/rojong/MustGo_raspi/curl-8.5.0/CMakeFiles/CMakeTmp/CheckSymbolExists.c:39:19: note: each undeclared identifier is reported only once for each function it appears in
/home/rojong/MustGo_raspi/curl-8.5.0/CMakeFiles/CMakeTmp/CheckSymbolExists.c:35:14: warning: parameter ‘argc’ set but not used [-Wunused-but-set-parameter]
   35 | int main(int argc, char** argv)
      |          ~~~~^~~~
gmake[1]: *** [CMakeFiles/cmTC_0a612.dir/build.make:78: CMakeFiles/cmTC_0a612.dir/CheckSymbolExists.c.o] Error 1
gmake[1]: Leaving directory '/home/rojong/MustGo_raspi/curl-8.5.0/CMakeFiles/CMakeTmp'
gmake: *** [Makefile:127: cmTC_0a612/fast] Error 2


File /home/rojong/MustGo_raspi/curl-8.5.0/CMakeFiles/CMakeTmp/CheckSymbolExists.c:
/* */
#include <sys/wait.h>
#include <sys/ioctl.h>
#include <sys/param.h>
#include <sys/poll.h>
#include <sys/resource.h>
#include <sys/select.h>
#include <sys/socket.h>
#include <sys/stat.h>
#include <sys/time.h>
#include <sys/types.h>
#include <sys/un.h>
#include <sys/xattr.h>
#include <arpa/inet.h>
#include <fcntl.h>
#include <ifaddrs.h>
#include <libgen.h>
#include <locale.h>
#include <net/if.h>
#include <netdb.h>
#include <netinet/in.h>
#include <netinet/tcp.h>
#include <netinet/udp.h>
#include <poll.h>
#include <pwd.h>
#include <stdatomic.h>
#include <stdbool.h>
#include <strings.h>
#include <termio.h>
#include <termios.h>
#include <unistd.h>
#include <utime.h>
#include <stdio.h>

int main(int argc, char** argv)
{
  (void)argv;
#ifndef _fseeki64
  return ((int*)(&_fseeki64))[argc];
#else
  (void)argc;
  return 0;
#endif
}
Determining if the setmode exist failed with the following output:
Change Dir: /home/rojong/MustGo_raspi/curl-8.5.0/CMakeFiles/CMakeTmp

Run Build Command(s):/usr/bin/gmake -f Makefile cmTC_f1e60/fast && /usr/bin/gmake  -f CMakeFiles/cmTC_f1e60.dir/build.make CMakeFiles/cmTC_f1e60.dir/build
gmake[1]: Entering directory '/home/rojong/MustGo_raspi/curl-8.5.0/CMakeFiles/CMakeTmp'
Building C object CMakeFiles/cmTC_f1e60.dir/CheckSymbolExists.c.o
/usr/bin/cc   -W -Wall -pedantic -Wbad-function-cast -Wconversion -Winline -Wmissing-declarations -Wmissing-prototypes -Wnested-externs -Wno-long-long -Wno-multichar -Wpointer-arith -Wshadow -Wsign-compare -Wundef -Wunused -Wwrite-strings -Waddress -Wattributes -Wcast-align -Wdeclaration-after-statement -Wdiv-by-zero -Wempty-body -Wendif-labels -Wfloat-equal -Wformat-security -Wignored-qualifiers -Wmissing-field-initializers -Wmissing-noreturn -Wno-format-nonliteral -Wno-sign-conversion -Wno-system-headers -Wredundant-decls -Wold-style-definition -Wstrict-prototypes -Wtype-limits -Wunreachable-code -Wunused-parameter -Wvla -Wclobbered -Wmissing-parameter-type -Wold-style-declaration -Wstrict-aliasing=3 -Wformat=2 -Warray-bounds=2 -ftree-vrp -Wduplicated-cond -Wnull-dereference -fdelete-null-pointer-checks -Wshift-negative-value -Wshift-overflow=2 -Walloc-zero -Wduplicated-branches -Wformat-overflow=2 -Wformat-truncation=2 -Wrestrict -Warith-conversion -Wdouble-promotion -Wenum-conversion -Wpragmas -Wunused-const-variable  -o CMakeFiles/cmTC_f1e60.dir/CheckSymbolExists.c.o -c /home/rojong/MustGo_raspi/curl-8.5.0/CMakeFiles/CMakeTmp/CheckSymbolExists.c
/home/rojong/MustGo_raspi/curl-8.5.0/CMakeFiles/CMakeTmp/CheckSymbolExists.c: In function ‘main’:
/home/rojong/MustGo_raspi/curl-8.5.0/CMakeFiles/CMakeTmp/CheckSymbolExists.c:38:19: error: ‘setmode’ undeclared (first use in this function)
   38 |   return ((int*)(&setmode))[argc];
      |                   ^~~~~~~
/home/rojong/MustGo_raspi/curl-8.5.0/CMakeFiles/CMakeTmp/CheckSymbolExists.c:38:19: note: each undeclared identifier is reported only once for each function it appears in
/home/rojong/MustGo_raspi/curl-8.5.0/CMakeFiles/CMakeTmp/CheckSymbolExists.c:34:14: warning: parameter ‘argc’ set but not used [-Wunused-but-set-parameter]
   34 | int main(int argc, char** argv)
      |          ~~~~^~~~
gmake[1]: *** [CMakeFiles/cmTC_f1e60.dir/build.make:78: CMakeFiles/cmTC_f1e60.dir/CheckSymbolExists.c.o] Error 1
gmake[1]: Leaving directory '/home/rojong/MustGo_raspi/curl-8.5.0/CMakeFiles/CMakeTmp'
gmake: *** [Makefile:127: cmTC_f1e60/fast] Error 2


File /home/rojong/MustGo_raspi/curl-8.5.0/CMakeFiles/CMakeTmp/CheckSymbolExists.c:
/* */
#include <sys/wait.h>
#include <sys/ioctl.h>
#include <sys/param.h>
#include <sys/poll.h>
#include <sys/resource.h>
#include <sys/select.h>
#include <sys/socket.h>
#include <sys/stat.h>
#include <sys/time.h>
#include <sys/types.h>
#include <sys/un.h>
#include <sys/xattr.h>
#include <arpa/inet.h>
#include <fcntl.h>
#include <ifaddrs.h>
#include <libgen.h>
#include <locale.h>
#include <net/if.h>
#include <netdb.h>
#include <netinet/in.h>
#include <netinet/tcp.h>
#include <netinet/udp.h>
#include <poll.h>
#include <pwd.h>
#include <stdatomic.h>
#include <stdbool.h>
#include <strings.h>
#include <termio.h>
#include <termios.h>
#include <unistd.h>
#include <utime.h>

int main(int argc, char** argv)
{
  (void)argv;
#ifndef setmode
  return ((int*)(&setmode))[argc];
#else
  (void)argc;
  return 0;
#endif
}
Determining if the function mach_absolute_time exists failed with the following output:
Change Dir: /home/rojong/MustGo_raspi/curl-8.5.0/CMakeFiles/CMakeTmp

Run Build Command(s):/usr/bin/gmake -f Makefile cmTC_2a8ce/fast && /usr/bin/gmake  -f CMakeFiles/cmTC_2a8ce.dir/build.make CMakeFiles/cmTC_2a8ce.dir/build
gmake[1]: Entering directory '/home/rojong/MustGo_raspi/curl-8.5.0/CMakeFiles/CMakeTmp'
Building C object CMakeFiles/cmTC_2a8ce.dir/CheckFunctionExists.c.o
/usr/bin/cc   -W -Wall -pedantic -Wbad-function-cast -Wconversion -Winline -Wmissing-declarations -Wmissing-prototypes -Wnested-externs -Wno-long-long -Wno-multichar -Wpointer-arith -Wshadow -Wsign-compare -Wundef -Wunused -Wwrite-strings -Waddress -Wattributes -Wcast-align -Wdeclaration-after-statement -Wdiv-by-zero -Wempty-body -Wendif-labels -Wfloat-equal -Wformat-security -Wignored-qualifiers -Wmissing-field-initializers -Wmissing-noreturn -Wno-format-nonliteral -Wno-sign-conversion -Wno-system-headers -Wredundant-decls -Wold-style-definition -Wstrict-prototypes -Wtype-limits -Wunreachable-code -Wunused-parameter -Wvla -Wclobbered -Wmissing-parameter-type -Wold-style-declaration -Wstrict-aliasing=3 -Wformat=2 -Warray-bounds=2 -ftree-vrp -Wduplicated-cond -Wnull-dereference -fdelete-null-pointer-checks -Wshift-negative-value -Wshift-overflow=2 -Walloc-zero -Wduplicated-branches -Wformat-overflow=2 -Wformat-truncation=2 -Wrestrict -Warith-conversion -Wdouble-promotion -Wenum-conversion -Wpragmas -Wunused-const-variable -DCHECK_FUNCTION_EXISTS=mach_absolute_time -o CMakeFiles/cmTC_2a8ce.dir/CheckFunctionExists.c.o -c /usr/share/cmake-3.22/Modules/CheckFunctionExists.c
Linking C executable cmTC_2a8ce
/usr/bin/cmake -E cmake_link_script CMakeFiles/cmTC_2a8ce.dir/link.txt --verbose=1
/usr/bin/cc   -W -Wall -pedantic -Wbad-function-cast -Wconversion -Winline -Wmissing-declarations -Wmissing-prototypes -Wnested-externs -Wno-long-long -Wno-multichar -Wpointer-arith -Wshadow -Wsign-compare -Wundef -Wunused -Wwrite-strings -Waddress -Wattributes -Wcast-align -Wdeclaration-after-statement -Wdiv-by-zero -Wempty-body -Wendif-labels -Wfloat-equal -Wformat-security -Wignored-qualifiers -Wmissing-field-initializers -Wmissing-noreturn -Wno-format-nonliteral -Wno-sign-conversion -Wno-system-headers -Wredundant-decls -Wold-style-definition -Wstrict-prototypes -Wtype-limits -Wunreachable-code -Wunused-parameter -Wvla -Wclobbered -Wmissing-parameter-type -Wold-style-declaration -Wstrict-aliasing=3 -Wformat=2 -Warray-bounds=2 -ftree-vrp -Wduplicated-cond -Wnull-dereference -fdelete-null-pointer-checks -Wshift-negative-value -Wshift-overflow=2 -Walloc-zero -Wduplicated-branches -Wformat-overflow=2 -Wformat-truncation=2 -Wrestrict -Warith-conversion -Wdouble-promotion -Wenum-conversion -Wpragmas -Wunused-const-variable -DCHECK_FUNCTION_EXISTS=mach_absolute_time CMakeFiles/cmTC_2a8ce.dir/CheckFunctionExists.c.o -o cmTC_2a8ce  /usr/lib/x86_64-linux-gnu/libssl.so /usr/lib/x86_64-linux-gnu/libcrypto.so 
/usr/bin/ld: CMakeFiles/cmTC_2a8ce.dir/CheckFunctionExists.c.o: in function `main':
CheckFunctionExists.c:(.text+0x14): undefined reference to `mach_absolute_time'
collect2: error: ld returned 1 exit status
gmake[1]: *** [CMakeFiles/cmTC_2a8ce.dir/build.make:101: cmTC_2a8ce] Error 1
gmake[1]: Leaving directory '/home/rojong/MustGo_raspi/curl-8.5.0/CMakeFiles/CMakeTmp'
gmake: *** [Makefile:127: cmTC_2a8ce/fast] Error 2



Performing Curl Test HAVE_FSETXATTR_6 failed with the following output:
Change Dir: /home/rojong/MustGo_raspi/curl-8.5.0/CMakeFiles/CMakeTmp

Run Build Command(s):/usr/bin/gmake -f Makefile cmTC_0d2e6/fast && /usr/bin/gmake  -f CMakeFiles/cmTC_0d2e6.dir/build.make CMakeFiles/cmTC_0d2e6.dir/build
gmake[1]: Entering directory '/home/rojong/MustGo_raspi/curl-8.5.0/CMakeFiles/CMakeTmp'
Building C object CMakeFiles/cmTC_0d2e6.dir/CurlTests.c.o
/usr/bin/cc   -W -Wall -pedantic -Wbad-function-cast -Wconversion -Winline -Wmissing-declarations -Wmissing-prototypes -Wnested-externs -Wno-long-long -Wno-multichar -Wpointer-arith -Wshadow -Wsign-compare -Wundef -Wunused -Wwrite-strings -Waddress -Wattributes -Wcast-align -Wdeclaration-after-statement -Wdiv-by-zero -Wempty-body -Wendif-labels -Wfloat-equal -Wformat-security -Wignored-qualifiers -Wmissing-field-initializers -Wmissing-noreturn -Wno-format-nonliteral -Wno-sign-conversion -Wno-system-headers -Wredundant-decls -Wold-style-definition -Wstrict-prototypes -Wtype-limits -Wunreachable-code -Wunused-parameter -Wvla -Wclobbered -Wmissing-parameter-type -Wold-style-declaration -Wstrict-aliasing=3 -Wformat=2 -Warray-bounds=2 -ftree-vrp -Wduplicated-cond -Wnull-dereference -fdelete-null-pointer-checks -Wshift-negative-value -Wshift-overflow=2 -Walloc-zero -Wduplicated-branches -Wformat-overflow=2 -Wformat-truncation=2 -Wrestrict -Warith-conversion -Wdouble-promotion -Wenum-conversion -Wpragmas -Wunused-const-variable -DHAVE_FSETXATTR_6  -DHAVE_SYS_WAIT_H -DHAVE_SYS_IOCTL_H -DHAVE_SYS_PARAM_H -DHAVE_SYS_POLL_H -DHAVE_SYS_RESOURCE_H -DHAVE_SYS_SELECT_H -DHAVE_SYS_SOCKET_H -DHAVE_SYS_STAT_H -DHAVE_SYS_TIME_H -DHAVE_SYS_TYPES_H -DHAVE_SYS_UN_H -DHAVE_SYS_XATTR_H -DHAVE_ARPA_INET_H -DHAVE_FCNTL_H -DHAVE_IFADDRS_H -DHAVE_LIBGEN_H -DHAVE_LOCALE_H -DHAVE_NET_IF_H -DHAVE_NETDB_H -DHAVE_NETINET_IN_H -DHAVE_NETINET_TCP_H -DHAVE_NETINET_UDP_H -DHAVE_POLL_H -DHAVE_PWD_H -DHAVE_STDATOMIC_H -DHAVE_STDBOOL_H -DHAVE_STRINGS_H -DHAVE_TERMIO_H -DHAVE_TERMIOS_H -DHAVE_UNISTD_H -DHAVE_UTIME_H -o CMakeFiles/cmTC_0d2e6.dir/CurlTests.c.o -c /home/rojong/MustGo_raspi/curl-8.5.0/CMake/CurlTests.c
/home/rojong/MustGo_raspi/curl-8.5.0/CMake/CurlTests.c: In function ‘main’:
/home/rojong/MustGo_raspi/curl-8.5.0/CMake/CurlTests.c:371:3: error: too many arguments to function ‘fsetxattr’
  371 |   fsetxattr(0, 0, 0, 0, 0, 0);
      |   ^~~~~~~~~
In file included from /home/rojong/MustGo_raspi/curl-8.5.0/CMake/CurlTests.c:368:
/usr/include/x86_64-linux-gnu/sys/xattr.h:54:12: note: declared here
   54 | extern int fsetxattr (int __fd, const char *__name, const void *__value,
      |            ^~~~~~~~~
gmake[1]: *** [CMakeFiles/cmTC_0d2e6.dir/build.make:78: CMakeFiles/cmTC_0d2e6.dir/CurlTests.c.o] Error 1
gmake[1]: Leaving directory '/home/rojong/MustGo_raspi/curl-8.5.0/CMakeFiles/CMakeTmp'
gmake: *** [Makefile:127: cmTC_0d2e6/fast] Error 2


Performing Curl Test HAVE_IOCTLSOCKET failed with the following output:
Change Dir: /home/rojong/MustGo_raspi/curl-8.5.0/CMakeFiles/CMakeTmp

Run Build Command(s):/usr/bin/gmake -f Makefile cmTC_b7cc1/fast && /usr/bin/gmake  -f CMakeFiles/cmTC_b7cc1.dir/build.make CMakeFiles/cmTC_b7cc1.dir/build
gmake[1]: Entering directory '/home/rojong/MustGo_raspi/curl-8.5.0/CMakeFiles/CMakeTmp'
Building C object CMakeFiles/cmTC_b7cc1.dir/CurlTests.c.o
/usr/bin/cc   -W -Wall -pedantic -Wbad-function-cast -Wconversion -Winline -Wmissing-declarations -Wmissing-prototypes -Wnested-externs -Wno-long-long -Wno-multichar -Wpointer-arith -Wshadow -Wsign-compare -Wundef -Wunused -Wwrite-strings -Waddress -Wattributes -Wcast-align -Wdeclaration-after-statement -Wdiv-by-zero -Wempty-body -Wendif-labels -Wfloat-equal -Wformat-security -Wignored-qualifiers -Wmissing-field-initializers -Wmissing-noreturn -Wno-format-nonliteral -Wno-sign-conversion -Wno-system-headers -Wredundant-decls -Wold-style-definition -Wstrict-prototypes -Wtype-limits -Wunreachable-code -Wunused-parameter -Wvla -Wclobbered -Wmissing-parameter-type -Wold-style-declaration -Wstrict-aliasing=3 -Wformat=2 -Warray-bounds=2 -ftree-vrp -Wduplicated-cond -Wnull-dereference -fdelete-null-pointer-checks -Wshift-negative-value -Wshift-overflow=2 -Walloc-zero -Wduplicated-branches -Wformat-overflow=2 -Wformat-truncation=2 -Wrestrict -Warith-conversion -Wdouble-promotion -Wenum-conversion -Wpragmas -Wunused-const-variable -DHAVE_IOCTLSOCKET  -DHAVE_SYS_WAIT_H -DHAVE_SYS_IOCTL_H -DHAVE_SYS_PARAM_H -DHAVE_SYS_POLL_H -DHAVE_SYS_RESOURCE_H -DHAVE_SYS_SELECT_H -DHAVE_SYS_SOCKET_H -DHAVE_SYS_STAT_H -DHAVE_SYS_TIME_H -DHAVE_SYS_TYPES_H -DHAVE_SYS_UN_H -DHAVE_SYS_XATTR_H -DHAVE_ARPA_INET_H -DHAVE_FCNTL_H -DHAVE_IFADDRS_H -DHAVE_LIBGEN_H -DHAVE_LOCALE_H -DHAVE_NET_IF_H -DHAVE_NETDB_H -DHAVE_NETINET_IN_H -DHAVE_NETINET_TCP_H -DHAVE_NETINET_UDP_H -DHAVE_POLL_H -DHAVE_PWD_H -DHAVE_STDATOMIC_H -DHAVE_STDBOOL_H -DHAVE_STRINGS_H -DHAVE_TERMIO_H -DHAVE_TERMIOS_H -DHAVE_UNISTD_H -DHAVE_UTIME_H -o CMakeFiles/cmTC_b7cc1.dir/CurlTests.c.o -c /home/rojong/MustGo_raspi/curl-8.5.0/CMake/CurlTests.c
/home/rojong/MustGo_raspi/curl-8.5.0/CMake/CurlTests.c: In function ‘main’:
/home/rojong/MustGo_raspi/curl-8.5.0/CMake/CurlTests.c:180:25: warning: implicit declaration of function ‘ioctlsocket’ [-Wimplicit-function-declaration]
  180 |   unsigned long flags = ioctlsocket(socket, FIONBIO, &flags);
      |                         ^~~~~~~~~~~
/home/rojong/MustGo_raspi/curl-8.5.0/CMake/CurlTests.c:180:25: warning: nested extern declaration of ‘ioctlsocket’ [-Wnested-externs]
/home/rojong/MustGo_raspi/curl-8.5.0/CMake/CurlTests.c:180:45: error: ‘FIONBIO’ undeclared (first use in this function)
  180 |   unsigned long flags = ioctlsocket(socket, FIONBIO, &flags);
      |                                             ^~~~~~~
/home/rojong/MustGo_raspi/curl-8.5.0/CMake/CurlTests.c:180:45: note: each undeclared identifier is reported only once for each function it appears in
gmake[1]: *** [CMakeFiles/cmTC_b7cc1.dir/build.make:78: CMakeFiles/cmTC_b7cc1.dir/CurlTests.c.o] Error 1
gmake[1]: Leaving directory '/home/rojong/MustGo_raspi/curl-8.5.0/CMakeFiles/CMakeTmp'
gmake: *** [Makefile:127: cmTC_b7cc1/fast] Error 2


Performing Curl Test HAVE_IOCTLSOCKET_CAMEL failed with the following output:
Change Dir: /home/rojong/MustGo_raspi/curl-8.5.0/CMakeFiles/CMakeTmp

Run Build Command(s):/usr/bin/gmake -f Makefile cmTC_3fd97/fast && /usr/bin/gmake  -f CMakeFiles/cmTC_3fd97.dir/build.make CMakeFiles/cmTC_3fd97.dir/build
gmake[1]: Entering directory '/home/rojong/MustGo_raspi/curl-8.5.0/CMakeFiles/CMakeTmp'
Building C object CMakeFiles/cmTC_3fd97.dir/CurlTests.c.o
/usr/bin/cc   -W -Wall -pedantic -Wbad-function-cast -Wconversion -Winline -Wmissing-declarations -Wmissing-prototypes -Wnested-externs -Wno-long-long -Wno-multichar -Wpointer-arith -Wshadow -Wsign-compare -Wundef -Wunused -Wwrite-strings -Waddress -Wattributes -Wcast-align -Wdeclaration-after-statement -Wdiv-by-zero -Wempty-body -Wendif-labels -Wfloat-equal -Wformat-security -Wignored-qualifiers -Wmissing-field-initializers -Wmissing-noreturn -Wno-format-nonliteral -Wno-sign-conversion -Wno-system-headers -Wredundant-decls -Wold-style-definition -Wstrict-prototypes -Wtype-limits -Wunreachable-code -Wunused-parameter -Wvla -Wclobbered -Wmissing-parameter-type -Wold-style-declaration -Wstrict-aliasing=3 -Wformat=2 -Warray-bounds=2 -ftree-vrp -Wduplicated-cond -Wnull-dereference -fdelete-null-pointer-checks -Wshift-negative-value -Wshift-overflow=2 -Walloc-zero -Wduplicated-branches -Wformat-overflow=2 -Wformat-truncation=2 -Wrestrict -Warith-conversion -Wdouble-promotion -Wenum-conversion -Wpragmas -Wunused-const-variable -DHAVE_IOCTLSOCKET_CAMEL  -DHAVE_SYS_WAIT_H -DHAVE_SYS_IOCTL_H -DHAVE_SYS_PARAM_H -DHAVE_SYS_POLL_H -DHAVE_SYS_RESOURCE_H -DHAVE_SYS_SELECT_H -DHAVE_SYS_SOCKET_H -DHAVE_SYS_STAT_H -DHAVE_SYS_TIME_H -DHAVE_SYS_TYPES_H -DHAVE_SYS_UN_H -DHAVE_SYS_XATTR_H -DHAVE_ARPA_INET_H -DHAVE_FCNTL_H -DHAVE_IFADDRS_H -DHAVE_LIBGEN_H -DHAVE_LOCALE_H -DHAVE_NET_IF_H -DHAVE_NETDB_H -DHAVE_NETINET_IN_H -DHAVE_NETINET_TCP_H -DHAVE_NETINET_UDP_H -DHAVE_POLL_H -DHAVE_PWD_H -DHAVE_STDATOMIC_H -DHAVE_STDBOOL_H -DHAVE_STRINGS_H -DHAVE_TERMIO_H -DHAVE_TERMIOS_H -DHAVE_UNISTD_H -DHAVE_UTIME_H -o CMakeFiles/cmTC_3fd97.dir/CurlTests.c.o -c /home/rojong/MustGo_raspi/curl-8.5.0/CMake/CurlTests.c
/home/rojong/MustGo_raspi/curl-8.5.0/CMake/CurlTests.c: In function ‘main’:
/home/rojong/MustGo_raspi/curl-8.5.0/CMake/CurlTests.c:201:11: warning: implicit declaration of function ‘IoctlSocket’ [-Wimplicit-function-declaration]
  201 |   if(0 != IoctlSocket(0, 0, 0))
      |           ^~~~~~~~~~~
/home/rojong/MustGo_raspi/curl-8.5.0/CMake/CurlTests.c:201:11: warning: nested extern declaration of ‘IoctlSocket’ [-Wnested-externs]
Linking C executable cmTC_3fd97
/usr/bin/cmake -E cmake_link_script CMakeFiles/cmTC_3fd97.dir/link.txt --verbose=1
/usr/bin/cc   -W -Wall -pedantic -Wbad-function-cast -Wconversion -Winline -Wmissing-declarations -Wmissing-prototypes -Wnested-externs -Wno-long-long -Wno-multichar -Wpointer-arith -Wshadow -Wsign-compare -Wundef -Wunused -Wwrite-strings -Waddress -Wattributes -Wcast-align -Wdeclaration-after-statement -Wdiv-by-zero -Wempty-body -Wendif-labels -Wfloat-equal -Wformat-security -Wignored-qualifiers -Wmissing-field-initializers -Wmissing-noreturn -Wno-format-nonliteral -Wno-sign-conversion -Wno-system-headers -Wredundant-decls -Wold-style-definition -Wstrict-prototypes -Wtype-limits -Wunreachable-code -Wunused-parameter -Wvla -Wclobbered -Wmissing-parameter-type -Wold-style-declaration -Wstrict-aliasing=3 -Wformat=2 -Warray-bounds=2 -ftree-vrp -Wduplicated-cond -Wnull-dereference -fdelete-null-pointer-checks -Wshift-negative-value -Wshift-overflow=2 -Walloc-zero -Wduplicated-branches -Wformat-overflow=2 -Wformat-truncation=2 -Wrestrict -Warith-conversion -Wdouble-promotion -Wenum-conversion -Wpragmas -Wunused-const-variable -DHAVE_IOCTLSOCKET_CAMEL  -DHAVE_SYS_WAIT_H -DHAVE_SYS_IOCTL_H -DHAVE_SYS_PARAM_H -DHAVE_SYS_POLL_H -DHAVE_SYS_RESOURCE_H -DHAVE_SYS_SELECT_H -DHAVE_SYS_SOCKET_H -DHAVE_SYS_STAT_H -DHAVE_SYS_TIME_H -DHAVE_SYS_TYPES_H -DHAVE_SYS_UN_H -DHAVE_SYS_XATTR_H -DHAVE_ARPA_INET_H -DHAVE_FCNTL_H -DHAVE_IFADDRS_H -DHAVE_LIBGEN_H -DHAVE_LOCALE_H -DHAVE_NET_IF_H -DHAVE_NETDB_H -DHAVE_NETINET_IN_H -DHAVE_NETINET_TCP_H -DHAVE_NETINET_UDP_H -DHAVE_POLL_H -DHAVE_PWD_H -DHAVE_STDATOMIC_H -DHAVE_STDBOOL_H -DHAVE_STRINGS_H -DHAVE_TERMIO_H -DHAVE_TERMIOS_H -DHAVE_UNISTD_H -DHAVE_UTIME_H CMakeFiles/cmTC_3fd97.dir/CurlTests.c.o -o cmTC_3fd97  /usr/lib/x86_64-linux-gnu/libssl.so /usr/lib/x86_64-linux-gnu/libcrypto.so 
/usr/bin/ld: CMakeFiles/cmTC_3fd97.dir/CurlTests.c.o: in function `main':
CurlTests.c:(.text+0x1d): undefined reference to `IoctlSocket'
collect2: error: ld returned 1 exit status
gmake[1]: *** [CMakeFiles/cmTC_3fd97.dir/build.make:101: cmTC_3fd97] Error 1
gmake[1]: Leaving directory '/home/rojong/MustGo_raspi/curl-8.5.0/CMakeFiles/CMakeTmp'
gmake: *** [Makefile:127: cmTC_3fd97/fast] Error 2


Performing Curl Test HAVE_IOCTLSOCKET_CAMEL_FIONBIO failed with the following output:
Change Dir: /home/rojong/MustGo_raspi/curl-8.5.0/CMakeFiles/CMakeTmp

Run Build Command(s):/usr/bin/gmake -f Makefile cmTC_a170f/fast && /usr/bin/gmake  -f CMakeFiles/cmTC_a170f.dir/build.make CMakeFiles/cmTC_a170f.dir/build
gmake[1]: Entering directory '/home/rojong/MustGo_raspi/curl-8.5.0/CMakeFiles/CMakeTmp'
Building C object CMakeFiles/cmTC_a170f.dir/CurlTests.c.o
/usr/bin/cc   -W -Wall -pedantic -Wbad-function-cast -Wconversion -Winline -Wmissing-declarations -Wmissing-prototypes -Wnested-externs -Wno-long-long -Wno-multichar -Wpointer-arith -Wshadow -Wsign-compare -Wundef -Wunused -Wwrite-strings -Waddress -Wattributes -Wcast-align -Wdeclaration-after-statement -Wdiv-by-zero -Wempty-body -Wendif-labels -Wfloat-equal -Wformat-security -Wignored-qualifiers -Wmissing-field-initializers -Wmissing-noreturn -Wno-format-nonliteral -Wno-sign-conversion -Wno-system-headers -Wredundant-decls -Wold-style-definition -Wstrict-prototypes -Wtype-limits -Wunreachable-code -Wunused-parameter -Wvla -Wclobbered -Wmissing-parameter-type -Wold-style-declaration -Wstrict-aliasing=3 -Wformat=2 -Warray-bounds=2 -ftree-vrp -Wduplicated-cond -Wnull-dereference -fdelete-null-pointer-checks -Wshift-negative-value -Wshift-overflow=2 -Walloc-zero -Wduplicated-branches -Wformat-overflow=2 -Wformat-truncation=2 -Wrestrict -Warith-conversion -Wdouble-promotion -Wenum-conversion -Wpragmas -Wunused-const-variable -DHAVE_IOCTLSOCKET_CAMEL_FIONBIO  -DHAVE_SYS_WAIT_H -DHAVE_SYS_IOCTL_H -DHAVE_SYS_PARAM_H -DHAVE_SYS_POLL_H -DHAVE_SYS_RESOURCE_H -DHAVE_SYS_SELECT_H -DHAVE_SYS_SOCKET_H -DHAVE_SYS_STAT_H -DHAVE_SYS_TIME_H -DHAVE_SYS_TYPES_H -DHAVE_SYS_UN_H -DHAVE_SYS_XATTR_H -DHAVE_ARPA_INET_H -DHAVE_FCNTL_H -DHAVE_IFADDRS_H -DHAVE_LIBGEN_H -DHAVE_LOCALE_H -DHAVE_NET_IF_H -DHAVE_NETDB_H -DHAVE_NETINET_IN_H -DHAVE_NETINET_TCP_H -DHAVE_NETINET_UDP_H -DHAVE_POLL_H -DHAVE_PWD_H -DHAVE_STDATOMIC_H -DHAVE_STDBOOL_H -DHAVE_STRINGS_H -DHAVE_TERMIO_H -DHAVE_TERMIOS_H -DHAVE_UNISTD_H -DHAVE_UTIME_H -o CMakeFiles/cmTC_a170f.dir/CurlTests.c.o -c /home/rojong/MustGo_raspi/curl-8.5.0/CMake/CurlTests.c
/home/rojong/MustGo_raspi/curl-8.5.0/CMake/CurlTests.c: In function ‘main’:
/home/rojong/MustGo_raspi/curl-8.5.0/CMake/CurlTests.c:223:11: warning: implicit declaration of function ‘IoctlSocket’ [-Wimplicit-function-declaration]
  223 |   if(0 != IoctlSocket(0, FIONBIO, &flags))
      |           ^~~~~~~~~~~
/home/rojong/MustGo_raspi/curl-8.5.0/CMake/CurlTests.c:223:11: warning: nested extern declaration of ‘IoctlSocket’ [-Wnested-externs]
/home/rojong/MustGo_raspi/curl-8.5.0/CMake/CurlTests.c:223:26: error: ‘FIONBIO’ undeclared (first use in this function)
  223 |   if(0 != IoctlSocket(0, FIONBIO, &flags))
      |                          ^~~~~~~
/home/rojong/MustGo_raspi/curl-8.5.0/CMake/CurlTests.c:223:26: note: each undeclared identifier is reported only once for each function it appears in
gmake[1]: *** [CMakeFiles/cmTC_a170f.dir/build.make:78: CMakeFiles/cmTC_a170f.dir/CurlTests.c.o] Error 1
gmake[1]: Leaving directory '/home/rojong/MustGo_raspi/curl-8.5.0/CMakeFiles/CMakeTmp'
gmake: *** [Makefile:127: cmTC_a170f/fast] Error 2


Performing Curl Test HAVE_IOCTLSOCKET_FIONBIO failed with the following output:
Change Dir: /home/rojong/MustGo_raspi/curl-8.5.0/CMakeFiles/CMakeTmp

Run Build Command(s):/usr/bin/gmake -f Makefile cmTC_96091/fast && /usr/bin/gmake  -f CMakeFiles/cmTC_96091.dir/build.make CMakeFiles/cmTC_96091.dir/build
gmake[1]: Entering directory '/home/rojong/MustGo_raspi/curl-8.5.0/CMakeFiles/CMakeTmp'
Building C object CMakeFiles/cmTC_96091.dir/CurlTests.c.o
/usr/bin/cc   -W -Wall -pedantic -Wbad-function-cast -Wconversion -Winline -Wmissing-declarations -Wmissing-prototypes -Wnested-externs -Wno-long-long -Wno-multichar -Wpointer-arith -Wshadow -Wsign-compare -Wundef -Wunused -Wwrite-strings -Waddress -Wattributes -Wcast-align -Wdeclaration-after-statement -Wdiv-by-zero -Wempty-body -Wendif-labels -Wfloat-equal -Wformat-security -Wignored-qualifiers -Wmissing-field-initializers -Wmissing-noreturn -Wno-format-nonliteral -Wno-sign-conversion -Wno-system-headers -Wredundant-decls -Wold-style-definition -Wstrict-prototypes -Wtype-limits -Wunreachable-code -Wunused-parameter -Wvla -Wclobbered -Wmissing-parameter-type -Wold-style-declaration -Wstrict-aliasing=3 -Wformat=2 -Warray-bounds=2 -ftree-vrp -Wduplicated-cond -Wnull-dereference -fdelete-null-pointer-checks -Wshift-negative-value -Wshift-overflow=2 -Walloc-zero -Wduplicated-branches -Wformat-overflow=2 -Wformat-truncation=2 -Wrestrict -Warith-conversion -Wdouble-promotion -Wenum-conversion -Wpragmas -Wunused-const-variable -DHAVE_IOCTLSOCKET_FIONBIO  -DHAVE_SYS_WAIT_H -DHAVE_SYS_IOCTL_H -DHAVE_SYS_PARAM_H -DHAVE_SYS_POLL_H -DHAVE_SYS_RESOURCE_H -DHAVE_SYS_SELECT_H -DHAVE_SYS_SOCKET_H -DHAVE_SYS_STAT_H -DHAVE_SYS_TIME_H -DHAVE_SYS_TYPES_H -DHAVE_SYS_UN_H -DHAVE_SYS_XATTR_H -DHAVE_ARPA_INET_H -DHAVE_FCNTL_H -DHAVE_IFADDRS_H -DHAVE_LIBGEN_H -DHAVE_LOCALE_H -DHAVE_NET_IF_H -DHAVE_NETDB_H -DHAVE_NETINET_IN_H -DHAVE_NETINET_TCP_H -DHAVE_NETINET_UDP_H -DHAVE_POLL_H -DHAVE_PWD_H -DHAVE_STDATOMIC_H -DHAVE_STDBOOL_H -DHAVE_STRINGS_H -DHAVE_TERMIO_H -DHAVE_TERMIOS_H -DHAVE_UNISTD_H -DHAVE_UTIME_H -o CMakeFiles/cmTC_96091.dir/CurlTests.c.o -c /home/rojong/MustGo_raspi/curl-8.5.0/CMake/CurlTests.c
/home/rojong/MustGo_raspi/curl-8.5.0/CMake/CurlTests.c: In function ‘main’:
/home/rojong/MustGo_raspi/curl-8.5.0/CMake/CurlTests.c:244:11: warning: implicit declaration of function ‘ioctlsocket’ [-Wimplicit-function-declaration]
  244 |   if(0 != ioctlsocket(0, FIONBIO, &flags))
      |           ^~~~~~~~~~~
/home/rojong/MustGo_raspi/curl-8.5.0/CMake/CurlTests.c:244:11: warning: nested extern declaration of ‘ioctlsocket’ [-Wnested-externs]
/home/rojong/MustGo_raspi/curl-8.5.0/CMake/CurlTests.c:244:26: error: ‘FIONBIO’ undeclared (first use in this function)
  244 |   if(0 != ioctlsocket(0, FIONBIO, &flags))
      |                          ^~~~~~~
/home/rojong/MustGo_raspi/curl-8.5.0/CMake/CurlTests.c:244:26: note: each undeclared identifier is reported only once for each function it appears in
gmake[1]: *** [CMakeFiles/cmTC_96091.dir/build.make:78: CMakeFiles/cmTC_96091.dir/CurlTests.c.o] Error 1
gmake[1]: Leaving directory '/home/rojong/MustGo_raspi/curl-8.5.0/CMakeFiles/CMakeTmp'
gmake: *** [Makefile:127: cmTC_96091/fast] Error 2


Performing Curl Test HAVE_SETSOCKOPT_SO_NONBLOCK failed with the following output:
Change Dir: /home/rojong/MustGo_raspi/curl-8.5.0/CMakeFiles/CMakeTmp

Run Build Command(s):/usr/bin/gmake -f Makefile cmTC_39d97/fast && /usr/bin/gmake  -f CMakeFiles/cmTC_39d97.dir/build.make CMakeFiles/cmTC_39d97.dir/build
gmake[1]: Entering directory '/home/rojong/MustGo_raspi/curl-8.5.0/CMakeFiles/CMakeTmp'
Building C object CMakeFiles/cmTC_39d97.dir/CurlTests.c.o
/usr/bin/cc   -W -Wall -pedantic -Wbad-function-cast -Wconversion -Winline -Wmissing-declarations -Wmissing-prototypes -Wnested-externs -Wno-long-long -Wno-multichar -Wpointer-arith -Wshadow -Wsign-compare -Wundef -Wunused -Wwrite-strings -Waddress -Wattributes -Wcast-align -Wdeclaration-after-statement -Wdiv-by-zero -Wempty-body -Wendif-labels -Wfloat-equal -Wformat-security -Wignored-qualifiers -Wmissing-field-initializers -Wmissing-noreturn -Wno-format-nonliteral -Wno-sign-conversion -Wno-system-headers -Wredundant-decls -Wold-style-definition -Wstrict-prototypes -Wtype-limits -Wunreachable-code -Wunused-parameter -Wvla -Wclobbered -Wmissing-parameter-type -Wold-style-declaration -Wstrict-aliasing=3 -Wformat=2 -Warray-bounds=2 -ftree-vrp -Wduplicated-cond -Wnull-dereference -fdelete-null-pointer-checks -Wshift-negative-value -Wshift-overflow=2 -Walloc-zero -Wduplicated-branches -Wformat-overflow=2 -Wformat-truncation=2 -Wrestrict -Warith-conversion -Wdouble-promotion -Wenum-conversion -Wpragmas -Wunused-const-variable -DHAVE_SETSOCKOPT_SO_NONBLOCK  -DHAVE_SYS_WAIT_H -DHAVE_SYS_IOCTL_H -DHAVE_SYS_PARAM_H -DHAVE_SYS_POLL_H -DHAVE_SYS_RESOURCE_H -DHAVE_SYS_SELECT_H -DHAVE_SYS_SOCKET_H -DHAVE_SYS_STAT_H -DHAVE_SYS_TIME_H -DHAVE_SYS_TYPES_H -DHAVE_SYS_UN_H -DHAVE_SYS_XATTR_H -DHAVE_ARPA_INET_H -DHAVE_FCNTL_H -DHAVE_IFADDRS_H -DHAVE_LIBGEN_H -DHAVE_LOCALE_H -DHAVE_NET_IF_H -DHAVE_NETDB_H -DHAVE_NETINET_IN_H -DHAVE_NETINET_TCP_H -DHAVE_NETINET_UDP_H -DHAVE_POLL_H -DHAVE_PWD_H -DHAVE_STDATOMIC_H -DHAVE_STDBOOL_H -DHAVE_STRINGS_H -DHAVE_TERMIO_H -DHAVE_TERMIOS_H -DHAVE_UNISTD_H -DHAVE_UTIME_H -o CMakeFiles/cmTC_39d97.dir/CurlTests.c.o -c /home/rojong/MustGo_raspi/curl-8.5.0/CMake/CurlTests.c
/home/rojong/MustGo_raspi/curl-8.5.0/CMake/CurlTests.c: In function ‘main’:
/home/rojong/MustGo_raspi/curl-8.5.0/CMake/CurlTests.c:329:37: error: ‘SO_NONBLOCK’ undeclared (first use in this function); did you mean ‘SOCK_NONBLOCK’?
  329 |   if(0 != setsockopt(0, SOL_SOCKET, SO_NONBLOCK, 0, 0))
      |                                     ^~~~~~~~~~~
      |                                     SOCK_NONBLOCK
/home/rojong/MustGo_raspi/curl-8.5.0/CMake/CurlTests.c:329:37: note: each undeclared identifier is reported only once for each function it appears in
gmake[1]: *** [CMakeFiles/cmTC_39d97.dir/build.make:78: CMakeFiles/cmTC_39d97.dir/CurlTests.c.o] Error 1
gmake[1]: Leaving directory '/home/rojong/MustGo_raspi/curl-8.5.0/CMakeFiles/CMakeTmp'
gmake: *** [Makefile:127: cmTC_39d97/fast] Error 2


Performing Curl Test HAVE_O_NONBLOCK failed with the following output:
Change Dir: /home/rojong/MustGo_raspi/curl-8.5.0/CMakeFiles/CMakeTmp

Run Build Command(s):/usr/bin/gmake -f Makefile cmTC_3b936/fast && /usr/bin/gmake  -f CMakeFiles/cmTC_3b936.dir/build.make CMakeFiles/cmTC_3b936.dir/build
gmake[1]: Entering directory '/home/rojong/MustGo_raspi/curl-8.5.0/CMakeFiles/CMakeTmp'
Building C object CMakeFiles/cmTC_3b936.dir/CurlTests.c.o
/usr/bin/cc   -W -Wall -pedantic -Wbad-function-cast -Wconversion -Winline -Wmissing-declarations -Wmissing-prototypes -Wnested-externs -Wno-long-long -Wno-multichar -Wpointer-arith -Wshadow -Wsign-compare -Wundef -Wunused -Wwrite-strings -Waddress -Wattributes -Wcast-align -Wdeclaration-after-statement -Wdiv-by-zero -Wempty-body -Wendif-labels -Wfloat-equal -Wformat-security -Wignored-qualifiers -Wmissing-field-initializers -Wmissing-noreturn -Wno-format-nonliteral -Wno-sign-conversion -Wno-system-headers -Wredundant-decls -Wold-style-definition -Wstrict-prototypes -Wtype-limits -Wunreachable-code -Wunused-parameter -Wvla -Wclobbered -Wmissing-parameter-type -Wold-style-declaration -Wstrict-aliasing=3 -Wformat=2 -Warray-bounds=2 -ftree-vrp -Wduplicated-cond -Wnull-dereference -fdelete-null-pointer-checks -Wshift-negative-value -Wshift-overflow=2 -Walloc-zero -Wduplicated-branches -Wformat-overflow=2 -Wformat-truncation=2 -Wrestrict -Warith-conversion -Wdouble-promotion -Wenum-conversion -Wpragmas -Wunused-const-variable -DHAVE_O_NONBLOCK  -DHAVE_SYS_WAIT_H -DHAVE_SYS_IOCTL_H -DHAVE_SYS_PARAM_H -DHAVE_SYS_POLL_H -DHAVE_SYS_RESOURCE_H -DHAVE_SYS_SELECT_H -DHAVE_SYS_SOCKET_H -DHAVE_SYS_STAT_H -DHAVE_SYS_TIME_H -DHAVE_SYS_TYPES_H -DHAVE_SYS_UN_H -DHAVE_SYS_XATTR_H -DHAVE_ARPA_INET_H -DHAVE_FCNTL_H -DHAVE_IFADDRS_H -DHAVE_LIBGEN_H -DHAVE_LOCALE_H -DHAVE_NET_IF_H -DHAVE_NETDB_H -DHAVE_NETINET_IN_H -DHAVE_NETINET_TCP_H -DHAVE_NETINET_UDP_H -DHAVE_POLL_H -DHAVE_PWD_H -DHAVE_STDATOMIC_H -DHAVE_STDBOOL_H -DHAVE_STRINGS_H -DHAVE_TERMIO_H -DHAVE_TERMIOS_H -DHAVE_UNISTD_H -DHAVE_UTIME_H -o CMakeFiles/cmTC_3b936.dir/CurlTests.c.o -c /home/rojong/MustGo_raspi/curl-8.5.0/CMake/CurlTests.c
/home/rojong/MustGo_raspi/curl-8.5.0/CMake/CurlTests.c:446: warning: ISO C forbids an empty translation unit [-Wpedantic]
Linking C executable cmTC_3b936
/usr/bin/cmake -E cmake_link_script CMakeFiles/cmTC_3b936.dir/link.txt --verbose=1
/usr/bin/cc   -W -Wall -pedantic -Wbad-function-cast -Wconversion -Winline -Wmissing-declarations -Wmissing-prototypes -Wnested-externs -Wno-long-long -Wno-multichar -Wpointer-arith -Wshadow -Wsign-compare -Wundef -Wunused -Wwrite-strings -Waddress -Wattributes -Wcast-align -Wdeclaration-after-statement -Wdiv-by-zero -Wempty-body -Wendif-labels -Wfloat-equal -Wformat-security -Wignored-qualifiers -Wmissing-field-initializers -Wmissing-noreturn -Wno-format-nonliteral -Wno-sign-conversion -Wno-system-headers -Wredundant-decls -Wold-style-definition -Wstrict-prototypes -Wtype-limits -Wunreachable-code -Wunused-parameter -Wvla -Wclobbered -Wmissing-parameter-type -Wold-style-declaration -Wstrict-aliasing=3 -Wformat=2 -Warray-bounds=2 -ftree-vrp -Wduplicated-cond -Wnull-dereference -fdelete-null-pointer-checks -Wshift-negative-value -Wshift-overflow=2 -Walloc-zero -Wduplicated-branches -Wformat-overflow=2 -Wformat-truncation=2 -Wrestrict -Warith-conversion -Wdouble-promotion -Wenum-conversion -Wpragmas -Wunused-const-variable -DHAVE_O_NONBLOCK  -DHAVE_SYS_WAIT_H -DHAVE_SYS_IOCTL_H -DHAVE_SYS_PARAM_H -DHAVE_SYS_POLL_H -DHAVE_SYS_RESOURCE_H -DHAVE_SYS_SELECT_H -DHAVE_SYS_SOCKET_H -DHAVE_SYS_STAT_H -DHAVE_SYS_TIME_H -DHAVE_SYS_TYPES_H -DHAVE_SYS_UN_H -DHAVE_SYS_XATTR_H -DHAVE_ARPA_INET_H -DHAVE_FCNTL_H -DHAVE_IFADDRS_H -DHAVE_LIBGEN_H -DHAVE_LOCALE_H -DHAVE_NET_IF_H -DHAVE_NETDB_H -DHAVE_NETINET_IN_H -DHAVE_NETINET_TCP_H -DHAVE_NETINET_UDP_H -DHAVE_POLL_H -DHAVE_PWD_H -DHAVE_STDATOMIC_H -DHAVE_STDBOOL_H -DHAVE_STRINGS_H -DHAVE_TERMIO_H -DHAVE_TERMIOS_H -DHAVE_UNISTD_H -DHAVE_UTIME_H CMakeFiles/cmTC_3b936.dir/CurlTests.c.o -o cmTC_3b936  /usr/lib/x86_64-linux-gnu/libssl.so /usr/lib/x86_64-linux-gnu/libcrypto.so 
/usr/bin/ld: /usr/lib/gcc/x86_64-linux-gnu/11/../../../x86_64-linux-gnu/Scrt1.o: in function `_start':
(.text+0x1b): undefined reference to `main'
collect2: error: ld returned 1 exit status
gmake[1]: *** [CMakeFiles/cmTC_3b936.dir/build.make:101: cmTC_3b936] Error 1
gmake[1]: Leaving directory '/home/rojong/MustGo_raspi/curl-8.5.0/CMakeFiles/CMakeTmp'
gmake: *** [Makefile:127: cmTC_3b936/fast] Error 2


Performing Curl Test HAVE_GETHOSTBYNAME_R_3 failed with the following output:
Change Dir: /home/rojong/MustGo_raspi/curl-8.5.0/CMakeFiles/CMakeTmp

Run Build Command(s):/usr/bin/gmake -f Makefile cmTC_a60df/fast && /usr/bin/gmake  -f CMakeFiles/cmTC_a60df.dir/build.make CMakeFiles/cmTC_a60df.dir/build
gmake[1]: Entering directory '/home/rojong/MustGo_raspi/curl-8.5.0/CMakeFiles/CMakeTmp'
Building C object CMakeFiles/cmTC_a60df.dir/CurlTests.c.o
/usr/bin/cc   -W -Wall -pedantic -Wbad-function-cast -Wconversion -Winline -Wmissing-declarations -Wmissing-prototypes -Wnested-externs -Wno-long-long -Wno-multichar -Wpointer-arith -Wshadow -Wsign-compare -Wundef -Wunused -Wwrite-strings -Waddress -Wattributes -Wcast-align -Wdeclaration-after-statement -Wdiv-by-zero -Wempty-body -Wendif-labels -Wfloat-equal -Wformat-security -Wignored-qualifiers -Wmissing-field-initializers -Wmissing-noreturn -Wno-format-nonliteral -Wno-sign-conversion -Wno-system-headers -Wredundant-decls -Wold-style-definition -Wstrict-prototypes -Wtype-limits -Wunreachable-code -Wunused-parameter -Wvla -Wclobbered -Wmissing-parameter-type -Wold-style-declaration -Wstrict-aliasing=3 -Wformat=2 -Warray-bounds=2 -ftree-vrp -Wduplicated-cond -Wnull-dereference -fdelete-null-pointer-checks -Wshift-negative-value -Wshift-overflow=2 -Walloc-zero -Wduplicated-branches -Wformat-overflow=2 -Wformat-truncation=2 -Wrestrict -Warith-conversion -Wdouble-promotion -Wenum-conversion -Wpragmas -Wunused-const-variable -DHAVE_GETHOSTBYNAME_R_3  -DHAVE_SYS_WAIT_H -DHAVE_SYS_IOCTL_H -DHAVE_SYS_PARAM_H -DHAVE_SYS_POLL_H -DHAVE_SYS_RESOURCE_H -DHAVE_SYS_SELECT_H -DHAVE_SYS_SOCKET_H -DHAVE_SYS_STAT_H -DHAVE_SYS_TIME_H -DHAVE_SYS_TYPES_H -DHAVE_SYS_UN_H -DHAVE_SYS_XATTR_H -DHAVE_ARPA_INET_H -DHAVE_FCNTL_H -DHAVE_IFADDRS_H -DHAVE_LIBGEN_H -DHAVE_LOCALE_H -DHAVE_NET_IF_H -DHAVE_NETDB_H -DHAVE_NETINET_IN_H -DHAVE_NETINET_TCP_H -DHAVE_NETINET_UDP_H -DHAVE_POLL_H -DHAVE_PWD_H -DHAVE_STDATOMIC_H -DHAVE_STDBOOL_H -DHAVE_STRINGS_H -DHAVE_TERMIO_H -DHAVE_TERMIOS_H -DHAVE_UNISTD_H -DHAVE_UTIME_H -o CMakeFiles/cmTC_a60df.dir/CurlTests.c.o -c /home/rojong/MustGo_raspi/curl-8.5.0/CMake/CurlTests.c
/home/rojong/MustGo_raspi/curl-8.5.0/CMake/CurlTests.c: In function ‘main’:
/home/rojong/MustGo_raspi/curl-8.5.0/CMake/CurlTests.c:73:19: warning: initialization discards ‘const’ qualifier from pointer target type [-Wdiscarded-qualifiers]
   73 |   char *address = "example.com";
      |                   ^~~~~~~~~~~~~
/home/rojong/MustGo_raspi/curl-8.5.0/CMake/CurlTests.c:80:23: error: storage size of ‘hdata’ isn’t known
   80 |   struct hostent_data hdata;
      |                       ^~~~~
/home/rojong/MustGo_raspi/curl-8.5.0/CMake/CurlTests.c:92:8: error: too few arguments to function ‘gethostbyname_r’
   92 |   rc = gethostbyname_r(address, &h, &hdata);
      |        ^~~~~~~~~~~~~~~
In file included from /home/rojong/MustGo_raspi/curl-8.5.0/CMake/CurlTests.c:70:
/usr/include/netdb.h:177:12: note: declared here
  177 | extern int gethostbyname_r (const char *__restrict __name,
      |            ^~~~~~~~~~~~~~~
/home/rojong/MustGo_raspi/curl-8.5.0/CMake/CurlTests.c:80:23: warning: unused variable ‘hdata’ [-Wunused-variable]
   80 |   struct hostent_data hdata;
      |                       ^~~~~
gmake[1]: *** [CMakeFiles/cmTC_a60df.dir/build.make:78: CMakeFiles/cmTC_a60df.dir/CurlTests.c.o] Error 1
gmake[1]: Leaving directory '/home/rojong/MustGo_raspi/curl-8.5.0/CMakeFiles/CMakeTmp'
gmake: *** [Makefile:127: cmTC_a60df/fast] Error 2


Performing Curl Test HAVE_GETHOSTBYNAME_R_5 failed with the following output:
Change Dir: /home/rojong/MustGo_raspi/curl-8.5.0/CMakeFiles/CMakeTmp

Run Build Command(s):/usr/bin/gmake -f Makefile cmTC_caad9/fast && /usr/bin/gmake  -f CMakeFiles/cmTC_caad9.dir/build.make CMakeFiles/cmTC_caad9.dir/build
gmake[1]: Entering directory '/home/rojong/MustGo_raspi/curl-8.5.0/CMakeFiles/CMakeTmp'
Building C object CMakeFiles/cmTC_caad9.dir/CurlTests.c.o
/usr/bin/cc   -W -Wall -pedantic -Wbad-function-cast -Wconversion -Winline -Wmissing-declarations -Wmissing-prototypes -Wnested-externs -Wno-long-long -Wno-multichar -Wpointer-arith -Wshadow -Wsign-compare -Wundef -Wunused -Wwrite-strings -Waddress -Wattributes -Wcast-align -Wdeclaration-after-statement -Wdiv-by-zero -Wempty-body -Wendif-labels -Wfloat-equal -Wformat-security -Wignored-qualifiers -Wmissing-field-initializers -Wmissing-noreturn -Wno-format-nonliteral -Wno-sign-conversion -Wno-system-headers -Wredundant-decls -Wold-style-definition -Wstrict-prototypes -Wtype-limits -Wunreachable-code -Wunused-parameter -Wvla -Wclobbered -Wmissing-parameter-type -Wold-style-declaration -Wstrict-aliasing=3 -Wformat=2 -Warray-bounds=2 -ftree-vrp -Wduplicated-cond -Wnull-dereference -fdelete-null-pointer-checks -Wshift-negative-value -Wshift-overflow=2 -Walloc-zero -Wduplicated-branches -Wformat-overflow=2 -Wformat-truncation=2 -Wrestrict -Warith-conversion -Wdouble-promotion -Wenum-conversion -Wpragmas -Wunused-const-variable -DHAVE_GETHOSTBYNAME_R_5  -DHAVE_SYS_WAIT_H -DHAVE_SYS_IOCTL_H -DHAVE_SYS_PARAM_H -DHAVE_SYS_POLL_H -DHAVE_SYS_RESOURCE_H -DHAVE_SYS_SELECT_H -DHAVE_SYS_SOCKET_H -DHAVE_SYS_STAT_H -DHAVE_SYS_TIME_H -DHAVE_SYS_TYPES_H -DHAVE_SYS_UN_H -DHAVE_SYS_XATTR_H -DHAVE_ARPA_INET_H -DHAVE_FCNTL_H -DHAVE_IFADDRS_H -DHAVE_LIBGEN_H -DHAVE_LOCALE_H -DHAVE_NET_IF_H -DHAVE_NETDB_H -DHAVE_NETINET_IN_H -DHAVE_NETINET_TCP_H -DHAVE_NETINET_UDP_H -DHAVE_POLL_H -DHAVE_PWD_H -DHAVE_STDATOMIC_H -DHAVE_STDBOOL_H -DHAVE_STRINGS_H -DHAVE_TERMIO_H -DHAVE_TERMIOS_H -DHAVE_UNISTD_H -DHAVE_UTIME_H -o CMakeFiles/cmTC_caad9.dir/CurlTests.c.o -c /home/rojong/MustGo_raspi/curl-8.5.0/CMake/CurlTests.c
/home/rojong/MustGo_raspi/curl-8.5.0/CMake/CurlTests.c: In function ‘main’:
/home/rojong/MustGo_raspi/curl-8.5.0/CMake/CurlTests.c:73:19: warning: initialization discards ‘const’ qualifier from pointer target type [-Wdiscarded-qualifiers]
   73 |   char *address = "example.com";
      |                   ^~~~~~~~~~~~~
/home/rojong/MustGo_raspi/curl-8.5.0/CMake/CurlTests.c:95:51: warning: passing argument 5 of ‘gethostbyname_r’ from incompatible pointer type [-Wincompatible-pointer-types]
   95 |   rc = gethostbyname_r(address, &h, buffer, 8192, &h_errnop);
      |                                                   ^~~~~~~~~
      |                                                   |
      |                                                   int *
In file included from /home/rojong/MustGo_raspi/curl-8.5.0/CMake/CurlTests.c:70:
/usr/include/netdb.h:180:57: note: expected ‘struct hostent ** restrict’ but argument is of type ‘int *’
  180 |                             struct hostent **__restrict __result,
      |                             ~~~~~~~~~~~~~~~~~~~~~~~~~~~~^~~~~~~~
/home/rojong/MustGo_raspi/curl-8.5.0/CMake/CurlTests.c:95:8: error: too few arguments to function ‘gethostbyname_r’
   95 |   rc = gethostbyname_r(address, &h, buffer, 8192, &h_errnop);
      |        ^~~~~~~~~~~~~~~
In file included from /home/rojong/MustGo_raspi/curl-8.5.0/CMake/CurlTests.c:70:
/usr/include/netdb.h:177:12: note: declared here
  177 | extern int gethostbyname_r (const char *__restrict __name,
      |            ^~~~~~~~~~~~~~~
gmake[1]: *** [CMakeFiles/cmTC_caad9.dir/build.make:78: CMakeFiles/cmTC_caad9.dir/CurlTests.c.o] Error 1
gmake[1]: Leaving directory '/home/rojong/MustGo_raspi/curl-8.5.0/CMakeFiles/CMakeTmp'
gmake: *** [Makefile:127: cmTC_caad9/fast] Error 2


Performing Curl Test HAVE_GETHOSTBYNAME_R_3_REENTRANT failed with the following output:
Change Dir: /home/rojong/MustGo_raspi/curl-8.5.0/CMakeFiles/CMakeTmp

Run Build Command(s):/usr/bin/gmake -f Makefile cmTC_ee8e9/fast && /usr/bin/gmake  -f CMakeFiles/cmTC_ee8e9.dir/build.make CMakeFiles/cmTC_ee8e9.dir/build
gmake[1]: Entering directory '/home/rojong/MustGo_raspi/curl-8.5.0/CMakeFiles/CMakeTmp'
Building C object CMakeFiles/cmTC_ee8e9.dir/CurlTests.c.o
/usr/bin/cc   -W -Wall -pedantic -Wbad-function-cast -Wconversion -Winline -Wmissing-declarations -Wmissing-prototypes -Wnested-externs -Wno-long-long -Wno-multichar -Wpointer-arith -Wshadow -Wsign-compare -Wundef -Wunused -Wwrite-strings -Waddress -Wattributes -Wcast-align -Wdeclaration-after-statement -Wdiv-by-zero -Wempty-body -Wendif-labels -Wfloat-equal -Wformat-security -Wignored-qualifiers -Wmissing-field-initializers -Wmissing-noreturn -Wno-format-nonliteral -Wno-sign-conversion -Wno-system-headers -Wredundant-decls -Wold-style-definition -Wstrict-prototypes -Wtype-limits -Wunreachable-code -Wunused-parameter -Wvla -Wclobbered -Wmissing-parameter-type -Wold-style-declaration -Wstrict-aliasing=3 -Wformat=2 -Warray-bounds=2 -ftree-vrp -Wduplicated-cond -Wnull-dereference -fdelete-null-pointer-checks -Wshift-negative-value -Wshift-overflow=2 -Walloc-zero -Wduplicated-branches -Wformat-overflow=2 -Wformat-truncation=2 -Wrestrict -Warith-conversion -Wdouble-promotion -Wenum-conversion -Wpragmas -Wunused-const-variable -DHAVE_GETHOSTBYNAME_R_3_REENTRANT  -DHAVE_SYS_WAIT_H -DHAVE_SYS_IOCTL_H -DHAVE_SYS_PARAM_H -DHAVE_SYS_POLL_H -DHAVE_SYS_RESOURCE_H -DHAVE_SYS_SELECT_H -DHAVE_SYS_SOCKET_H -DHAVE_SYS_STAT_H -DHAVE_SYS_TIME_H -DHAVE_SYS_TYPES_H -DHAVE_SYS_UN_H -DHAVE_SYS_XATTR_H -DHAVE_ARPA_INET_H -DHAVE_FCNTL_H -DHAVE_IFADDRS_H -DHAVE_LIBGEN_H -DHAVE_LOCALE_H -DHAVE_NET_IF_H -DHAVE_NETDB_H -DHAVE_NETINET_IN_H -DHAVE_NETINET_TCP_H -DHAVE_NETINET_UDP_H -DHAVE_POLL_H -DHAVE_PWD_H -DHAVE_STDATOMIC_H -DHAVE_STDBOOL_H -DHAVE_STRINGS_H -DHAVE_TERMIO_H -DHAVE_TERMIOS_H -DHAVE_UNISTD_H -DHAVE_UTIME_H -o CMakeFiles/cmTC_ee8e9.dir/CurlTests.c.o -c /home/rojong/MustGo_raspi/curl-8.5.0/CMake/CurlTests.c
/home/rojong/MustGo_raspi/curl-8.5.0/CMake/CurlTests.c: In function ‘main’:
/home/rojong/MustGo_raspi/curl-8.5.0/CMake/CurlTests.c:73:19: warning: initialization discards ‘const’ qualifier from pointer target type [-Wdiscarded-qualifiers]
   73 |   char *address = "example.com";
      |                   ^~~~~~~~~~~~~
/home/rojong/MustGo_raspi/curl-8.5.0/CMake/CurlTests.c:80:23: error: storage size of ‘hdata’ isn’t known
   80 |   struct hostent_data hdata;
      |                       ^~~~~
/home/rojong/MustGo_raspi/curl-8.5.0/CMake/CurlTests.c:92:8: error: too few arguments to function ‘gethostbyname_r’
   92 |   rc = gethostbyname_r(address, &h, &hdata);
      |        ^~~~~~~~~~~~~~~
In file included from /home/rojong/MustGo_raspi/curl-8.5.0/CMake/CurlTests.c:70:
/usr/include/netdb.h:177:12: note: declared here
  177 | extern int gethostbyname_r (const char *__restrict __name,
      |            ^~~~~~~~~~~~~~~
/home/rojong/MustGo_raspi/curl-8.5.0/CMake/CurlTests.c:80:23: warning: unused variable ‘hdata’ [-Wunused-variable]
   80 |   struct hostent_data hdata;
      |                       ^~~~~
gmake[1]: *** [CMakeFiles/cmTC_ee8e9.dir/build.make:78: CMakeFiles/cmTC_ee8e9.dir/CurlTests.c.o] Error 1
gmake[1]: Leaving directory '/home/rojong/MustGo_raspi/curl-8.5.0/CMakeFiles/CMakeTmp'
gmake: *** [Makefile:127: cmTC_ee8e9/fast] Error 2


Performing Curl Test HAVE_GETHOSTBYNAME_R_5_REENTRANT failed with the following output:
Change Dir: /home/rojong/MustGo_raspi/curl-8.5.0/CMakeFiles/CMakeTmp

Run Build Command(s):/usr/bin/gmake -f Makefile cmTC_003f9/fast && /usr/bin/gmake  -f CMakeFiles/cmTC_003f9.dir/build.make CMakeFiles/cmTC_003f9.dir/build
gmake[1]: Entering directory '/home/rojong/MustGo_raspi/curl-8.5.0/CMakeFiles/CMakeTmp'
Building C object CMakeFiles/cmTC_003f9.dir/CurlTests.c.o
/usr/bin/cc   -W -Wall -pedantic -Wbad-function-cast -Wconversion -Winline -Wmissing-declarations -Wmissing-prototypes -Wnested-externs -Wno-long-long -Wno-multichar -Wpointer-arith -Wshadow -Wsign-compare -Wundef -Wunused -Wwrite-strings -Waddress -Wattributes -Wcast-align -Wdeclaration-after-statement -Wdiv-by-zero -Wempty-body -Wendif-labels -Wfloat-equal -Wformat-security -Wignored-qualifiers -Wmissing-field-initializers -Wmissing-noreturn -Wno-format-nonliteral -Wno-sign-conversion -Wno-system-headers -Wredundant-decls -Wold-style-definition -Wstrict-prototypes -Wtype-limits -Wunreachable-code -Wunused-parameter -Wvla -Wclobbered -Wmissing-parameter-type -Wold-style-declaration -Wstrict-aliasing=3 -Wformat=2 -Warray-bounds=2 -ftree-vrp -Wduplicated-cond -Wnull-dereference -fdelete-null-pointer-checks -Wshift-negative-value -Wshift-overflow=2 -Walloc-zero -Wduplicated-branches -Wformat-overflow=2 -Wformat-truncation=2 -Wrestrict -Warith-conversion -Wdouble-promotion -Wenum-conversion -Wpragmas -Wunused-const-variable -DHAVE_GETHOSTBYNAME_R_5_REENTRANT  -DHAVE_SYS_WAIT_H -DHAVE_SYS_IOCTL_H -DHAVE_SYS_PARAM_H -DHAVE_SYS_POLL_H -DHAVE_SYS_RESOURCE_H -DHAVE_SYS_SELECT_H -DHAVE_SYS_SOCKET_H -DHAVE_SYS_STAT_H -DHAVE_SYS_TIME_H -DHAVE_SYS_TYPES_H -DHAVE_SYS_UN_H -DHAVE_SYS_XATTR_H -DHAVE_ARPA_INET_H -DHAVE_FCNTL_H -DHAVE_IFADDRS_H -DHAVE_LIBGEN_H -DHAVE_LOCALE_H -DHAVE_NET_IF_H -DHAVE_NETDB_H -DHAVE_NETINET_IN_H -DHAVE_NETINET_TCP_H -DHAVE_NETINET_UDP_H -DHAVE_POLL_H -DHAVE_PWD_H -DHAVE_STDATOMIC_H -DHAVE_STDBOOL_H -DHAVE_STRINGS_H -DHAVE_TERMIO_H -DHAVE_TERMIOS_H -DHAVE_UNISTD_H -DHAVE_UTIME_H -o CMakeFiles/cmTC_003f9.dir/CurlTests.c.o -c /home/rojong/MustGo_raspi/curl-8.5.0/CMake/CurlTests.c
/home/rojong/MustGo_raspi/curl-8.5.0/CMake/CurlTests.c: In function ‘main’:
/home/rojong/MustGo_raspi/curl-8.5.0/CMake/CurlTests.c:73:19: warning: initialization discards ‘const’ qualifier from pointer target type [-Wdiscarded-qualifiers]
   73 |   char *address = "example.com";
      |                   ^~~~~~~~~~~~~
/home/rojong/MustGo_raspi/curl-8.5.0/CMake/CurlTests.c:95:51: warning: passing argument 5 of ‘gethostbyname_r’ from incompatible pointer type [-Wincompatible-pointer-types]
   95 |   rc = gethostbyname_r(address, &h, buffer, 8192, &h_errnop);
      |                                                   ^~~~~~~~~
      |                                                   |
      |                                                   int *
In file included from /home/rojong/MustGo_raspi/curl-8.5.0/CMake/CurlTests.c:70:
/usr/include/netdb.h:180:57: note: expected ‘struct hostent ** restrict’ but argument is of type ‘int *’
  180 |                             struct hostent **__restrict __result,
      |                             ~~~~~~~~~~~~~~~~~~~~~~~~~~~~^~~~~~~~
/home/rojong/MustGo_raspi/curl-8.5.0/CMake/CurlTests.c:95:8: error: too few arguments to function ‘gethostbyname_r’
   95 |   rc = gethostbyname_r(address, &h, buffer, 8192, &h_errnop);
      |        ^~~~~~~~~~~~~~~
In file included from /home/rojong/MustGo_raspi/curl-8.5.0/CMake/CurlTests.c:70:
/usr/include/netdb.h:177:12: note: declared here
  177 | extern int gethostbyname_r (const char *__restrict __name,
      |            ^~~~~~~~~~~~~~~
gmake[1]: *** [CMakeFiles/cmTC_003f9.dir/build.make:78: CMakeFiles/cmTC_003f9.dir/CurlTests.c.o] Error 1
gmake[1]: Leaving directory '/home/rojong/MustGo_raspi/curl-8.5.0/CMakeFiles/CMakeTmp'
gmake: *** [Makefile:127: cmTC_003f9/fast] Error 2


Performing Curl Test HAVE_GLIBC_STRERROR_R failed with the following output:
Change Dir: /home/rojong/MustGo_raspi/curl-8.5.0/CMakeFiles/CMakeTmp

Run Build Command(s):/usr/bin/gmake -f Makefile cmTC_a6707/fast && /usr/bin/gmake  -f CMakeFiles/cmTC_a6707.dir/build.make CMakeFiles/cmTC_a6707.dir/build
gmake[1]: Entering directory '/home/rojong/MustGo_raspi/curl-8.5.0/CMakeFiles/CMakeTmp'
Building C object CMakeFiles/cmTC_a6707.dir/CurlTests.c.o
/usr/bin/cc   -W -Wall -pedantic -Wbad-function-cast -Wconversion -Winline -Wmissing-declarations -Wmissing-prototypes -Wnested-externs -Wno-long-long -Wno-multichar -Wpointer-arith -Wshadow -Wsign-compare -Wundef -Wunused -Wwrite-strings -Waddress -Wattributes -Wcast-align -Wdeclaration-after-statement -Wdiv-by-zero -Wempty-body -Wendif-labels -Wfloat-equal -Wformat-security -Wignored-qualifiers -Wmissing-field-initializers -Wmissing-noreturn -Wno-format-nonliteral -Wno-sign-conversion -Wno-system-headers -Wredundant-decls -Wold-style-definition -Wstrict-prototypes -Wtype-limits -Wunreachable-code -Wunused-parameter -Wvla -Wclobbered -Wmissing-parameter-type -Wold-style-declaration -Wstrict-aliasing=3 -Wformat=2 -Warray-bounds=2 -ftree-vrp -Wduplicated-cond -Wnull-dereference -fdelete-null-pointer-checks -Wshift-negative-value -Wshift-overflow=2 -Walloc-zero -Wduplicated-branches -Wformat-overflow=2 -Wformat-truncation=2 -Wrestrict -Warith-conversion -Wdouble-promotion -Wenum-conversion -Wpragmas -Wunused-const-variable -DHAVE_GLIBC_STRERROR_R  -DHAVE_SYS_WAIT_H -DHAVE_SYS_IOCTL_H -DHAVE_SYS_PARAM_H -DHAVE_SYS_POLL_H -DHAVE_SYS_RESOURCE_H -DHAVE_SYS_SELECT_H -DHAVE_SYS_SOCKET_H -DHAVE_SYS_STAT_H -DHAVE_SYS_TIME_H -DHAVE_SYS_TYPES_H -DHAVE_SYS_UN_H -DHAVE_SYS_XATTR_H -DHAVE_ARPA_INET_H -DHAVE_FCNTL_H -DHAVE_IFADDRS_H -DHAVE_LIBGEN_H -DHAVE_LOCALE_H -DHAVE_NET_IF_H -DHAVE_NETDB_H -DHAVE_NETINET_IN_H -DHAVE_NETINET_TCP_H -DHAVE_NETINET_UDP_H -DHAVE_POLL_H -DHAVE_PWD_H -DHAVE_STDATOMIC_H -DHAVE_STDBOOL_H -DHAVE_STRINGS_H -DHAVE_TERMIO_H -DHAVE_TERMIOS_H -DHAVE_UNISTD_H -DHAVE_UTIME_H -o CMakeFiles/cmTC_a6707.dir/CurlTests.c.o -c /home/rojong/MustGo_raspi/curl-8.5.0/CMake/CurlTests.c
/home/rojong/MustGo_raspi/curl-8.5.0/CMake/CurlTests.c:340:6: warning: no previous prototype for ‘check’ [-Wmissing-prototypes]
  340 | void check(char c) {}
      |      ^~~~~
/home/rojong/MustGo_raspi/curl-8.5.0/CMake/CurlTests.c: In function ‘check’:
/home/rojong/MustGo_raspi/curl-8.5.0/CMake/CurlTests.c:340:17: warning: unused parameter ‘c’ [-Wunused-parameter]
  340 | void check(char c) {}
      |            ~~~~~^
/home/rojong/MustGo_raspi/curl-8.5.0/CMake/CurlTests.c: In function ‘main’:
/home/rojong/MustGo_raspi/curl-8.5.0/CMake/CurlTests.c:346:51: error: subscripted value is neither array nor pointer nor vector
  346 |   check(strerror_r(EACCES, buffer, sizeof(buffer))[0]);
      |                                                   ^
gmake[1]: *** [CMakeFiles/cmTC_a6707.dir/build.make:78: CMakeFiles/cmTC_a6707.dir/CurlTests.c.o] Error 1
gmake[1]: Leaving directory '/home/rojong/MustGo_raspi/curl-8.5.0/CMakeFiles/CMakeTmp'
gmake: *** [Makefile:127: cmTC_a6707/fast] Error 2


Performing Curl Test HAVE_BUILTIN_AVAILABLE failed with the following output:
Change Dir: /home/rojong/MustGo_raspi/curl-8.5.0/CMakeFiles/CMakeTmp

Run Build Command(s):/usr/bin/gmake -f Makefile cmTC_d409c/fast && /usr/bin/gmake  -f CMakeFiles/cmTC_d409c.dir/build.make CMakeFiles/cmTC_d409c.dir/build
gmake[1]: Entering directory '/home/rojong/MustGo_raspi/curl-8.5.0/CMakeFiles/CMakeTmp'
Building C object CMakeFiles/cmTC_d409c.dir/CurlTests.c.o
/usr/bin/cc   -W -Wall -pedantic -Wbad-function-cast -Wconversion -Winline -Wmissing-declarations -Wmissing-prototypes -Wnested-externs -Wno-long-long -Wno-multichar -Wpointer-arith -Wshadow -Wsign-compare -Wundef -Wunused -Wwrite-strings -Waddress -Wattributes -Wcast-align -Wdeclaration-after-statement -Wdiv-by-zero -Wempty-body -Wendif-labels -Wfloat-equal -Wformat-security -Wignored-qualifiers -Wmissing-field-initializers -Wmissing-noreturn -Wno-format-nonliteral -Wno-sign-conversion -Wno-system-headers -Wredundant-decls -Wold-style-definition -Wstrict-prototypes -Wtype-limits -Wunreachable-code -Wunused-parameter -Wvla -Wclobbered -Wmissing-parameter-type -Wold-style-declaration -Wstrict-aliasing=3 -Wformat=2 -Warray-bounds=2 -ftree-vrp -Wduplicated-cond -Wnull-dereference -fdelete-null-pointer-checks -Wshift-negative-value -Wshift-overflow=2 -Walloc-zero -Wduplicated-branches -Wformat-overflow=2 -Wformat-truncation=2 -Wrestrict -Warith-conversion -Wdouble-promotion -Wenum-conversion -Wpragmas -Wunused-const-variable -DHAVE_BUILTIN_AVAILABLE  -DHAVE_SYS_WAIT_H -DHAVE_SYS_IOCTL_H -DHAVE_SYS_PARAM_H -DHAVE_SYS_POLL_H -DHAVE_SYS_RESOURCE_H -DHAVE_SYS_SELECT_H -DHAVE_SYS_SOCKET_H -DHAVE_SYS_STAT_H -DHAVE_SYS_TIME_H -DHAVE_SYS_TYPES_H -DHAVE_SYS_UN_H -DHAVE_SYS_XATTR_H -DHAVE_ARPA_INET_H -DHAVE_FCNTL_H -DHAVE_IFADDRS_H -DHAVE_LIBGEN_H -DHAVE_LOCALE_H -DHAVE_NET_IF_H -DHAVE_NETDB_H -DHAVE_NETINET_IN_H -DHAVE_NETINET_TCP_H -DHAVE_NETINET_UDP_H -DHAVE_POLL_H -DHAVE_PWD_H -DHAVE_STDATOMIC_H -DHAVE_STDBOOL_H -DHAVE_STRINGS_H -DHAVE_TERMIO_H -DHAVE_TERMIOS_H -DHAVE_UNISTD_H -DHAVE_UTIME_H -o CMakeFiles/cmTC_d409c.dir/CurlTests.c.o -c /home/rojong/MustGo_raspi/curl-8.5.0/CMake/CurlTests.c
/home/rojong/MustGo_raspi/curl-8.5.0/CMake/CurlTests.c: In function ‘main’:
/home/rojong/MustGo_raspi/curl-8.5.0/CMake/CurlTests.c:398:6: warning: implicit declaration of function ‘__builtin_available’; did you mean ‘__builtin_scalbl’? [-Wimplicit-function-declaration]
  398 |   if(__builtin_available(macOS 10.12, *)) {}
      |      ^~~~~~~~~~~~~~~~~~~
      |      __builtin_scalbl
/home/rojong/MustGo_raspi/curl-8.5.0/CMake/CurlTests.c:398:6: warning: nested extern declaration of ‘__builtin_available’ [-Wnested-externs]
/home/rojong/MustGo_raspi/curl-8.5.0/CMake/CurlTests.c:398:26: error: ‘macOS’ undeclared (first use in this function)
  398 |   if(__builtin_available(macOS 10.12, *)) {}
      |                          ^~~~~
/home/rojong/MustGo_raspi/curl-8.5.0/CMake/CurlTests.c:398:26: note: each undeclared identifier is reported only once for each function it appears in
/home/rojong/MustGo_raspi/curl-8.5.0/CMake/CurlTests.c:398:31: error: expected ‘)’ before numeric constant
  398 |   if(__builtin_available(macOS 10.12, *)) {}
      |                         ~     ^~~~~~
      |                               )
gmake[1]: *** [CMakeFiles/cmTC_d409c.dir/build.make:78: CMakeFiles/cmTC_d409c.dir/CurlTests.c.o] Error 1
gmake[1]: Leaving directory '/home/rojong/MustGo_raspi/curl-8.5.0/CMakeFiles/CMakeTmp'
gmake: *** [Makefile:127: cmTC_d409c/fast] Error 2


